#
# There is insufficient memory for the Java Runtime Environment to continue.
# Native memory allocation (malloc) failed to allocate 1211056 bytes for Chunk::new
# Possible reasons:
#   The system is out of physical RAM or swap space
#   The process is running with CompressedOops enabled, and the Java Heap may be blocking the growth of the native heap
# Possible solutions:
#   Reduce memory load on the system
#   Increase physical memory or swap space
#   Check if swap backing store is full
#   Decrease Java heap size (-Xmx/-Xms)
#   Decrease number of Java threads
#   Decrease Java thread stack sizes (-Xss)
#   Set larger code cache with -XX:ReservedCodeCacheSize=
#   JVM is running with Unscaled Compressed Oops mode in which the Java heap is
#     placed in the first 4GB address space. The Java Heap base address is the
#     maximum limit for the native heap growth. Please use -XX:HeapBaseMinAddress
#     to set the Java Heap base and to place the Java Heap above 4GB virtual address.
# This output file may be truncated or incomplete.
#
#  Out of Memory Error (allocation.cpp:389), pid=39392, tid=0x000000000000a990
#
# JRE version: OpenJDK Runtime Environment (8.0_242-b01) (build 1.8.0_242-release-1644-b01)
# Java VM: OpenJDK 64-Bit Server VM (25.242-b01 mixed mode windows-amd64 compressed oops)
# Failed to write core dump. Minidumps are not enabled by default on client versions of Windows
#

---------------  T H R E A D  ---------------

Current thread (0x0000000016615800):  JavaThread "C2 CompilerThread1" daemon [_thread_in_native, id=43408, stack(0x0000000017d90000,0x0000000017e90000)]

Stack: [0x0000000017d90000,0x0000000017e90000]
[error occurred during error reporting (printing stack bounds), id 0xc0000005]

Native frames: (J=compiled Java code, j=interpreted, Vv=VM code, C=native code)


Current CompileTask:
C2:  34760 3003       4       org.codehaus.groovy.runtime.metaclass.MetaMethodIndex::addMethodToList (298 bytes)


---------------  P R O C E S S  ---------------

Java Threads: ( => current thread )
  0x000000001f516800 JavaThread "Cache worker for file content cache (C:\Users\JEAN-KRLO\.gradle\caches\6.5\fileContent)" [_thread_blocked, id=24880, stack(0x00000000221a0000,0x00000000222a0000)]
  0x00000000195ef800 JavaThread "Cache worker for execution history cache (C:\Users\JEAN-KRLO\.gradle\caches\6.5\executionHistory)" [_thread_blocked, id=43660, stack(0x0000000021ca0000,0x0000000021da0000)]
  0x00000000195ef000 JavaThread "Cache worker for cache directory md-rule (C:\Users\JEAN-KRLO\.gradle\caches\6.5\md-rule)" [_thread_blocked, id=28524, stack(0x00000000219a0000,0x0000000021aa0000)]
  0x00000000195f0800 JavaThread "Cache worker for cache directory md-supplier (C:\Users\JEAN-KRLO\.gradle\caches\6.5\md-supplier)" [_thread_blocked, id=31060, stack(0x00000000218a0000,0x00000000219a0000)]
  0x00000000195ee000 JavaThread "Cache worker for checksums cache (C:\Users\JEAN-KRLO\Desktop\jd\Platzigram\.gradle\checksums)" [_thread_blocked, id=45084, stack(0x00000000217a0000,0x00000000218a0000)]
  0x00000000195ed800 JavaThread "jar transforms Thread 23" [_thread_blocked, id=9352, stack(0x00000000214a0000,0x00000000215a0000)]
  0x00000000195f1000 JavaThread "jar transforms Thread 22" [_thread_blocked, id=36588, stack(0x00000000213a0000,0x00000000214a0000)]
  0x00000000195f2000 JavaThread "jar transforms Thread 21" [_thread_blocked, id=20380, stack(0x00000000212a0000,0x00000000213a0000)]
  0x00000000195ec800 JavaThread "jar transforms Thread 20" [_thread_blocked, id=33116, stack(0x00000000211a0000,0x00000000212a0000)]
  0x00000000195e5000 JavaThread "jar transforms Thread 19" [_thread_blocked, id=17636, stack(0x00000000210a0000,0x00000000211a0000)]
  0x00000000195e9000 JavaThread "jar transforms Thread 18" [_thread_blocked, id=25484, stack(0x0000000020fa0000,0x00000000210a0000)]
  0x00000000195ec000 JavaThread "jar transforms Thread 17" [_thread_blocked, id=23152, stack(0x0000000020ea0000,0x0000000020fa0000)]
  0x00000000195e7800 JavaThread "jar transforms Thread 16" [_thread_blocked, id=38096, stack(0x0000000020da0000,0x0000000020ea0000)]
  0x00000000195e8000 JavaThread "jar transforms Thread 15" [_thread_blocked, id=15016, stack(0x0000000020ca0000,0x0000000020da0000)]
  0x00000000195e4800 JavaThread "jar transforms Thread 14" [_thread_blocked, id=41516, stack(0x0000000020ba0000,0x0000000020ca0000)]
  0x00000000195eb000 JavaThread "jar transforms Thread 13" [_thread_blocked, id=22104, stack(0x0000000020aa0000,0x0000000020ba0000)]
  0x00000000195ea800 JavaThread "jar transforms Thread 12" [_thread_blocked, id=31344, stack(0x00000000209a0000,0x0000000020aa0000)]
  0x00000000195e6000 JavaThread "jar transforms Thread 11" [_thread_blocked, id=13480, stack(0x00000000208a0000,0x00000000209a0000)]
  0x00000000195e3800 JavaThread "jar transforms Thread 10" [_thread_blocked, id=17196, stack(0x00000000207a0000,0x00000000208a0000)]
  0x00000000195e6800 JavaThread "jar transforms Thread 9" [_thread_blocked, id=15824, stack(0x00000000206a0000,0x00000000207a0000)]
  0x00000000195e3000 JavaThread "jar transforms Thread 8" [_thread_blocked, id=1608, stack(0x00000000205a0000,0x00000000206a0000)]
  0x00000000195e9800 JavaThread "jar transforms Thread 7" [_thread_blocked, id=42420, stack(0x00000000204a0000,0x00000000205a0000)]
  0x0000000018201000 JavaThread "jar transforms Thread 6" [_thread_blocked, id=14136, stack(0x00000000203a0000,0x00000000204a0000)]
  0x00000000181fe800 JavaThread "jar transforms Thread 5" [_thread_blocked, id=13204, stack(0x00000000202a0000,0x00000000203a0000)]
  0x0000000018205800 JavaThread "jar transforms Thread 4" [_thread_blocked, id=31044, stack(0x00000000201a0000,0x00000000202a0000)]
  0x0000000018204800 JavaThread "jar transforms Thread 3" [_thread_blocked, id=42040, stack(0x00000000200a0000,0x00000000201a0000)]
  0x0000000018203000 JavaThread "jar transforms Thread 2" [_thread_blocked, id=18888, stack(0x000000001ffa0000,0x00000000200a0000)]
  0x0000000018204000 JavaThread "jar transforms" [_thread_blocked, id=26744, stack(0x000000001fea0000,0x000000001ffa0000)]
  0x0000000018200000 JavaThread "Cache worker for file hash cache (C:\Users\JEAN-KRLO\Desktop\jd\Platzigram\.gradle\6.5\fileHashes)" [_thread_blocked, id=21224, stack(0x000000001ece0000,0x000000001ede0000)]
  0x00000000181ff800 JavaThread "Cache worker for file hash cache (C:\Users\JEAN-KRLO\.gradle\caches\6.5\fileHashes)" [_thread_blocked, id=23980, stack(0x000000001e7e0000,0x000000001e8e0000)]
  0x0000000018202800 JavaThread "File lock release action executor" [_thread_blocked, id=14300, stack(0x000000001e6e0000,0x000000001e7e0000)]
  0x0000000018201800 JavaThread "File lock request listener" [_thread_in_native, id=37368, stack(0x000000001e5e0000,0x000000001e6e0000)]
  0x00000000192ee800 JavaThread "Cache worker for journal cache (C:\Users\JEAN-KRLO\.gradle\caches\journal-1)" [_thread_blocked, id=25232, stack(0x000000001c440000,0x000000001c540000)]
  0x000000001889b800 JavaThread "Thread-9" [_thread_blocked, id=31592, stack(0x000000001c140000,0x000000001c240000)]
  0x0000000018885000 JavaThread "Stdin handler" [_thread_blocked, id=15400, stack(0x000000001c040000,0x000000001c140000)]
  0x0000000018886000 JavaThread "Asynchronous log dispatcher for DefaultDaemonConnection: socket connection from /127.0.0.1:65491 to /127.0.0.1:65497" [_thread_blocked, id=20492, stack(0x000000001bf40000,0x000000001c040000)]
  0x0000000018a73000 JavaThread "Daemon worker" [_thread_blocked, id=44340, stack(0x000000001be40000,0x000000001bf40000)]
  0x000000001a0e3800 JavaThread "Cancel handler" [_thread_blocked, id=25604, stack(0x000000001bd40000,0x000000001be40000)]
  0x0000000019fb9000 JavaThread "Handler for socket connection from /127.0.0.1:65491 to /127.0.0.1:65497" [_thread_in_native, id=21172, stack(0x000000001bc40000,0x000000001bd40000)]
  0x000000001a09d800 JavaThread "Daemon periodic checks" [_thread_blocked, id=14564, stack(0x000000001bb40000,0x000000001bc40000)]
  0x000000001a08c800 JavaThread "Daemon" [_thread_blocked, id=43432, stack(0x000000001ba40000,0x000000001bb40000)]
  0x000000001a033000 JavaThread "Incoming local TCP Connector on port 65491" [_thread_in_native, id=43876, stack(0x000000001b5d0000,0x000000001b6d0000)]
  0x0000000018352800 JavaThread "Daemon health stats" [_thread_blocked, id=26500, stack(0x000000001af90000,0x000000001b090000)]
  0x0000000016659800 JavaThread "Service Thread" daemon [_thread_blocked, id=45764, stack(0x0000000018390000,0x0000000018490000)]
  0x0000000016631800 JavaThread "C1 CompilerThread2" daemon [_thread_blocked, id=10788, stack(0x0000000017e90000,0x0000000017f90000)]
=>0x0000000016615800 JavaThread "C2 CompilerThread1" daemon [_thread_in_native, id=43408, stack(0x0000000017d90000,0x0000000017e90000)]
  0x0000000016606000 JavaThread "C2 CompilerThread0" daemon [_thread_in_native, id=18048, stack(0x0000000017c90000,0x0000000017d90000)]
  0x0000000016603800 JavaThread "Attach Listener" daemon [_thread_blocked, id=14012, stack(0x0000000017b90000,0x0000000017c90000)]
  0x0000000016602000 JavaThread "Signal Dispatcher" daemon [_thread_blocked, id=13560, stack(0x0000000017a90000,0x0000000017b90000)]
  0x0000000002c8c800 JavaThread "Finalizer" daemon [_thread_blocked, id=17976, stack(0x0000000017870000,0x0000000017970000)]
  0x00000000165e9000 JavaThread "Reference Handler" daemon [_thread_blocked, id=2300, stack(0x0000000017770000,0x0000000017870000)]
  0x0000000002b92800 JavaThread "main" [_thread_blocked, id=8996, stack(0x0000000002a90000,0x0000000002b90000)]

Other Threads:
  0x00000000165c5800 VMThread [stack: 0x0000000017670000,0x0000000017770000] [id=14712]
  0x000000001665a000 WatcherThread [stack: 0x0000000018490000,0x0000000018590000] [id=7232]

VM state:not at safepoint (normal execution)

VM Mutex/Monitor currently owned by a thread: None

heap address: 0x00000000a0000000, size: 1536 MB, Compressed Oops mode: 32-bit
Narrow klass base: 0x0000000000000000, Narrow klass shift: 3
Compressed class space size: 1073741824 Address: 0x0000000100000000

Heap:
 PSYoungGen      total 121344K, used 67189K [0x00000000e0000000, 0x00000000e9380000, 0x0000000100000000)
  eden space 115712K, 53% used [0x00000000e0000000,0x00000000e3c20bc0,0x00000000e7100000)
  from space 5632K, 99% used [0x00000000e8e00000,0x00000000e937c970,0x00000000e9380000)
  to   space 11776K, 0% used [0x00000000e7c80000,0x00000000e7c80000,0x00000000e8800000)
 ParOldGen       total 58368K, used 15759K [0x00000000a0000000, 0x00000000a3900000, 0x00000000e0000000)
  object space 58368K, 27% used [0x00000000a0000000,0x00000000a0f63d90,0x00000000a3900000)
 Metaspace       used 33500K, capacity 34738K, committed 34816K, reserved 1079296K
  class space    used 4521K, capacity 4824K, committed 4864K, reserved 1048576K

Card table byte_map: [0x0000000012050000,0x0000000012360000] byte_map_base: 0x0000000011b50000

Marking Bits: (ParMarkBitMap*) 0x00000000635df030
 Begin Bits: [0x0000000012960000, 0x0000000014160000)
 End Bits:   [0x0000000014160000, 0x0000000015960000)

Polling page: 0x00000000009f0000

CodeCache: size=245760Kb used=10257Kb max_used=10287Kb free=235502Kb
 bounds [0x0000000002c90000, 0x00000000036b0000, 0x0000000011c90000]
 total_blobs=3433 nmethods=2742 adapters=603
 compilation: enabled

Compilation events (10 events):
Event: 34.673 Thread 0x0000000016631800 3036       1       org.gradle.cache.internal.DefaultFileLockManager$DefaultFileLock::access$1300 (5 bytes)
Event: 34.673 Thread 0x0000000016631800 nmethod 3036 0x000000000366bf10 code [0x000000000366c060, 0x000000000366c150]
Event: 34.697 Thread 0x0000000016631800 3037       3       java.io.DataOutputStream::flush (8 bytes)
Event: 34.697 Thread 0x0000000016631800 nmethod 3037 0x0000000003691190 code [0x0000000003691300, 0x0000000003691528]
Event: 34.701 Thread 0x0000000016631800 3038       3       java.net.DatagramSocket::getImpl (16 bytes)
Event: 34.701 Thread 0x0000000016631800 nmethod 3038 0x00000000036915d0 code [0x0000000003691740, 0x0000000003691988]
Event: 34.703 Thread 0x0000000016631800 3039       1       org.gradle.internal.io.ExponentialBackoff::getSignal (5 bytes)
Event: 34.703 Thread 0x0000000016631800 nmethod 3039 0x0000000002df2bd0 code [0x0000000002df2d20, 0x0000000002df2e30]
Event: 34.705 Thread 0x0000000016631800 3040       3       java.lang.Long::equals (30 bytes)
Event: 34.705 Thread 0x0000000016631800 nmethod 3040 0x0000000002df2490 code [0x0000000002df2600, 0x0000000002df2ad0]

GC Heap History (10 events):
Event: 18.806 GC heap before
{Heap before GC invocations=5 (full 0):
 PSYoungGen      total 71680K, used 70802K [0x00000000e0000000, 0x00000000e4b00000, 0x0000000100000000)
  eden space 66560K, 98% used [0x00000000e0000000,0x00000000e4028c30,0x00000000e4100000)
  from space 5120K, 99% used [0x00000000e4600000,0x00000000e4afbc60,0x00000000e4b00000)
  to   space 5120K, 0% used [0x00000000e4100000,0x00000000e4100000,0x00000000e4600000)
 ParOldGen       total 87552K, used 3750K [0x00000000a0000000, 0x00000000a5580000, 0x00000000e0000000)
  object space 87552K, 4% used [0x00000000a0000000,0x00000000a03a98d0,0x00000000a5580000)
 Metaspace       used 20502K, capacity 21206K, committed 21248K, reserved 1067008K
  class space    used 2856K, capacity 3033K, committed 3072K, reserved 1048576K
Event: 18.826 GC heap after
Heap after GC invocations=5 (full 0):
 PSYoungGen      total 71680K, used 5108K [0x00000000e0000000, 0x00000000e9a00000, 0x0000000100000000)
  eden space 66560K, 0% used [0x00000000e0000000,0x00000000e0000000,0x00000000e4100000)
  from space 5120K, 99% used [0x00000000e4100000,0x00000000e45fd040,0x00000000e4600000)
  to   space 12288K, 0% used [0x00000000e8e00000,0x00000000e8e00000,0x00000000e9a00000)
 ParOldGen       total 87552K, used 9979K [0x00000000a0000000, 0x00000000a5580000, 0x00000000e0000000)
  object space 87552K, 11% used [0x00000000a0000000,0x00000000a09bef30,0x00000000a5580000)
 Metaspace       used 20502K, capacity 21206K, committed 21248K, reserved 1067008K
  class space    used 2856K, capacity 3033K, committed 3072K, reserved 1048576K
}
Event: 18.826 GC heap before
{Heap before GC invocations=6 (full 1):
 PSYoungGen      total 71680K, used 5108K [0x00000000e0000000, 0x00000000e9a00000, 0x0000000100000000)
  eden space 66560K, 0% used [0x00000000e0000000,0x00000000e0000000,0x00000000e4100000)
  from space 5120K, 99% used [0x00000000e4100000,0x00000000e45fd040,0x00000000e4600000)
  to   space 12288K, 0% used [0x00000000e8e00000,0x00000000e8e00000,0x00000000e9a00000)
 ParOldGen       total 87552K, used 9979K [0x00000000a0000000, 0x00000000a5580000, 0x00000000e0000000)
  object space 87552K, 11% used [0x00000000a0000000,0x00000000a09bef30,0x00000000a5580000)
 Metaspace       used 20502K, capacity 21206K, committed 21248K, reserved 1067008K
  class space    used 2856K, capacity 3033K, committed 3072K, reserved 1048576K
Event: 18.891 GC heap after
Heap after GC invocations=6 (full 1):
 PSYoungGen      total 71680K, used 0K [0x00000000e0000000, 0x00000000e9a00000, 0x0000000100000000)
  eden space 66560K, 0% used [0x00000000e0000000,0x00000000e0000000,0x00000000e4100000)
  from space 5120K, 0% used [0x00000000e4100000,0x00000000e4100000,0x00000000e4600000)
  to   space 12288K, 0% used [0x00000000e8e00000,0x00000000e8e00000,0x00000000e9a00000)
 ParOldGen       total 58368K, used 11295K [0x00000000a0000000, 0x00000000a3900000, 0x00000000e0000000)
  object space 58368K, 19% used [0x00000000a0000000,0x00000000a0b07d90,0x00000000a3900000)
 Metaspace       used 20502K, capacity 21206K, committed 21248K, reserved 1067008K
  class space    used 2856K, capacity 3033K, committed 3072K, reserved 1048576K
}
Event: 27.874 GC heap before
{Heap before GC invocations=7 (full 1):
 PSYoungGen      total 71680K, used 66560K [0x00000000e0000000, 0x00000000e9a00000, 0x0000000100000000)
  eden space 66560K, 100% used [0x00000000e0000000,0x00000000e4100000,0x00000000e4100000)
  from space 5120K, 0% used [0x00000000e4100000,0x00000000e4100000,0x00000000e4600000)
  to   space 12288K, 0% used [0x00000000e8e00000,0x00000000e8e00000,0x00000000e9a00000)
 ParOldGen       total 58368K, used 11295K [0x00000000a0000000, 0x00000000a3900000, 0x00000000e0000000)
  object space 58368K, 19% used [0x00000000a0000000,0x00000000a0b07d90,0x00000000a3900000)
 Metaspace       used 25009K, capacity 26046K, committed 26240K, reserved 1071104K
  class space    used 3575K, capacity 3851K, committed 3968K, reserved 1048576K
Event: 27.886 GC heap after
Heap after GC invocations=7 (full 1):
 PSYoungGen      total 121344K, used 5423K [0x00000000e0000000, 0x00000000e9380000, 0x0000000100000000)
  eden space 115712K, 0% used [0x00000000e0000000,0x00000000e0000000,0x00000000e7100000)
  from space 5632K, 96% used [0x00000000e8e00000,0x00000000e934bea8,0x00000000e9380000)
  to   space 11776K, 0% used [0x00000000e7c80000,0x00000000e7c80000,0x00000000e8800000)
 ParOldGen       total 58368K, used 11303K [0x00000000a0000000, 0x00000000a3900000, 0x00000000e0000000)
  object space 58368K, 19% used [0x00000000a0000000,0x00000000a0b09d90,0x00000000a3900000)
 Metaspace       used 25009K, capacity 26046K, committed 26240K, reserved 1071104K
  class space    used 3575K, capacity 3851K, committed 3968K, reserved 1048576K
}
Event: 32.320 GC heap before
{Heap before GC invocations=8 (full 1):
 PSYoungGen      total 121344K, used 121135K [0x00000000e0000000, 0x00000000e9380000, 0x0000000100000000)
  eden space 115712K, 100% used [0x00000000e0000000,0x00000000e7100000,0x00000000e7100000)
  from space 5632K, 96% used [0x00000000e8e00000,0x00000000e934bea8,0x00000000e9380000)
  to   space 11776K, 0% used [0x00000000e7c80000,0x00000000e7c80000,0x00000000e8800000)
 ParOldGen       total 58368K, used 11303K [0x00000000a0000000, 0x00000000a3900000, 0x00000000e0000000)
  object space 58368K, 19% used [0x00000000a0000000,0x00000000a0b09d90,0x00000000a3900000)
 Metaspace       used 33342K, capacity 34582K, committed 34816K, reserved 1079296K
  class space    used 4504K, capacity 4818K, committed 4864K, reserved 1048576K
Event: 32.337 GC heap after
Heap after GC invocations=8 (full 1):
 PSYoungGen      total 127488K, used 11106K [0x00000000e0000000, 0x00000000e9380000, 0x0000000100000000)
  eden space 115712K, 0% used [0x00000000e0000000,0x00000000e0000000,0x00000000e7100000)
  from space 11776K, 94% used [0x00000000e7c80000,0x00000000e87588b8,0x00000000e8800000)
  to   space 5632K, 0% used [0x00000000e8e00000,0x00000000e8e00000,0x00000000e9380000)
 ParOldGen       total 58368K, used 11311K [0x00000000a0000000, 0x00000000a3900000, 0x00000000e0000000)
  object space 58368K, 19% used [0x00000000a0000000,0x00000000a0b0bd90,0x00000000a3900000)
 Metaspace       used 33342K, capacity 34582K, committed 34816K, reserved 1079296K
  class space    used 4504K, capacity 4818K, committed 4864K, reserved 1048576K
}
Event: 33.242 GC heap before
{Heap before GC invocations=9 (full 1):
 PSYoungGen      total 127488K, used 126818K [0x00000000e0000000, 0x00000000e9380000, 0x0000000100000000)
  eden space 115712K, 100% used [0x00000000e0000000,0x00000000e7100000,0x00000000e7100000)
  from space 11776K, 94% used [0x00000000e7c80000,0x00000000e87588b8,0x00000000e8800000)
  to   space 5632K, 0% used [0x00000000e8e00000,0x00000000e8e00000,0x00000000e9380000)
 ParOldGen       total 58368K, used 11311K [0x00000000a0000000, 0x00000000a3900000, 0x00000000e0000000)
  object space 58368K, 19% used [0x00000000a0000000,0x00000000a0b0bd90,0x00000000a3900000)
 Metaspace       used 33342K, capacity 34582K, committed 34816K, reserved 1079296K
  class space    used 4504K, capacity 4818K, committed 4864K, reserved 1048576K
Event: 33.285 GC heap after
Heap after GC invocations=9 (full 1):
 PSYoungGen      total 121344K, used 5618K [0x00000000e0000000, 0x00000000e9380000, 0x0000000100000000)
  eden space 115712K, 0% used [0x00000000e0000000,0x00000000e0000000,0x00000000e7100000)
  from space 5632K, 99% used [0x00000000e8e00000,0x00000000e937c970,0x00000000e9380000)
  to   space 11776K, 0% used [0x00000000e7c80000,0x00000000e7c80000,0x00000000e8800000)
 ParOldGen       total 58368K, used 15759K [0x00000000a0000000, 0x00000000a3900000, 0x00000000e0000000)
  object space 58368K, 27% used [0x00000000a0000000,0x00000000a0f63d90,0x00000000a3900000)
 Metaspace       used 33342K, capacity 34582K, committed 34816K, reserved 1079296K
  class space    used 4504K, capacity 4818K, committed 4864K, reserved 1048576K
}

Deoptimization events (10 events):
Event: 33.146 Thread 0x0000000018a73000 Uncommon trap: reason=unstable_if action=reinterpret pc=0x0000000002dcf258 method=java.lang.String.isEmpty()Z @ 5
Event: 33.146 Thread 0x0000000018a73000 Uncommon trap: reason=class_check action=maybe_recompile pc=0x0000000002e1b530 method=java.util.zip.InflaterInputStream.read([BII)I @ 100
Event: 33.146 Thread 0x0000000018a73000 Uncommon trap: reason=unstable_if action=reinterpret pc=0x00000000035e3c60 method=java.io.PushbackInputStream.read([BII)I @ 60
Event: 33.146 Thread 0x0000000018a73000 Uncommon trap: reason=class_check action=maybe_recompile pc=0x0000000002e1b530 method=java.util.zip.InflaterInputStream.read([BII)I @ 100
Event: 33.147 Thread 0x0000000018a73000 Uncommon trap: reason=class_check action=maybe_recompile pc=0x0000000002e1b530 method=java.util.zip.InflaterInputStream.read([BII)I @ 100
Event: 33.855 Thread 0x0000000018a73000 Uncommon trap: reason=null_check action=make_not_entrant pc=0x000000000362f9b0 method=org.gradle.api.internal.file.archive.StreamZipInput$1.computeNext()Lorg/gradle/api/internal/file/archive/ZipEntry; @ 32
Event: 33.888 Thread 0x0000000018a73000 Uncommon trap: reason=unstable_if action=reinterpret pc=0x0000000003199930 method=sun.security.provider.DigestBase.engineUpdate([BII)V @ 1
Event: 34.445 Thread 0x00000000195f1000 Uncommon trap: reason=class_check action=maybe_recompile pc=0x000000000360fc80 method=java.security.MessageDigest$Delegate.engineDigest()[B @ 4
Event: 34.445 Thread 0x00000000195f1000 Uncommon trap: reason=speculate_class_check action=maybe_recompile pc=0x0000000002ee279c method=sun.security.provider.DigestBase.engineDigest([BII)I @ 97
Event: 34.520 Thread 0x0000000018a73000 Uncommon trap: reason=unstable_if action=reinterpret pc=0x0000000003594de4 method=java.lang.Class$MethodArray.addIfNotPresent(Ljava/lang/reflect/Method;)V @ 19

Classes redefined (0 events):
No events

Internal exceptions (10 events):
Event: 34.493 Thread 0x00000000195f1000 Exception <a 'sun/nio/fs/WindowsException'> (0x00000000e37d4c28) thrown at [C:\src\AOSP-openjdk-git\hotspot\src\share\vm\prims\jni.cpp, line 710]
Event: 34.494 Thread 0x00000000195f1000 Exception <a 'sun/nio/fs/WindowsException'> (0x00000000e37d4fe8) thrown at [C:\src\AOSP-openjdk-git\hotspot\src\share\vm\prims\jni.cpp, line 710]
Event: 34.513 Thread 0x0000000018a73000 Exception <a 'java/lang/ClassNotFoundException': sync_studio_tooling435_78j1sg2nikc59fjoa2v69cvypBeanInfo> (0x00000000e3749a70) thrown at [C:\src\AOSP-openjdk-git\hotspot\src\share\vm\classfile\systemDictionary.cpp, line 210]
Event: 34.513 Thread 0x0000000018a73000 Exception <a 'java/lang/ClassNotFoundException': sync_studio_tooling435_78j1sg2nikc59fjoa2v69cvypCustomizer> (0x00000000e37570f0) thrown at [C:\src\AOSP-openjdk-git\hotspot\src\share\vm\classfile\systemDictionary.cpp, line 210]
Event: 34.581 Thread 0x0000000018a73000 Exception <a 'java/lang/ClassNotFoundException': org/gradle/invocation/DefaultGradle_DecoratedBeanInfo> (0x00000000e3944be0) thrown at [C:\src\AOSP-openjdk-git\hotspot\src\share\vm\classfile\systemDictionary.cpp, line 210]
Event: 34.583 Thread 0x0000000018a73000 Exception <a 'java/lang/ClassNotFoundException': org/gradle/invocation/DefaultGradleBeanInfo> (0x00000000e396cee0) thrown at [C:\src\AOSP-openjdk-git\hotspot\src\share\vm\classfile\systemDictionary.cpp, line 210]
Event: 34.584 Thread 0x0000000018a73000 Exception <a 'java/lang/ClassNotFoundException': org/gradle/api/internal/project/AbstractPluginAwareBeanInfo> (0x00000000e399de60) thrown at [C:\src\AOSP-openjdk-git\hotspot\src\share\vm\classfile\systemDictionary.cpp, line 210]
Event: 34.585 Thread 0x0000000018a73000 Exception <a 'java/lang/ClassNotFoundException': org/gradle/api/internal/project/AbstractPluginAwareCustomizer> (0x00000000e39cf778) thrown at [C:\src\AOSP-openjdk-git\hotspot\src\share\vm\classfile\systemDictionary.cpp, line 210]
Event: 34.587 Thread 0x0000000018a73000 Exception <a 'java/lang/ClassNotFoundException': org/gradle/invocation/DefaultGradleCustomizer> (0x00000000e3a02758) thrown at [C:\src\AOSP-openjdk-git\hotspot\src\share\vm\classfile\systemDictionary.cpp, line 210]
Event: 34.602 Thread 0x0000000018a73000 Exception <a 'java/lang/ClassNotFoundException': org/gradle/invocation/DefaultGradle_DecoratedCustomizer> (0x00000000e3a78190) thrown at [C:\src\AOSP-openjdk-git\hotspot\src\share\vm\classfile\systemDictionary.cpp, line 210]

Events (10 events):
Event: 34.700 Executing VM operation: RevokeBias
Event: 34.700 Executing VM operation: RevokeBias done
Event: 34.700 Executing VM operation: RevokeBias
Event: 34.700 Executing VM operation: RevokeBias done
Event: 34.700 Executing VM operation: RevokeBias
Event: 34.700 Executing VM operation: RevokeBias done
Event: 34.701 Thread 0x0000000016631800 flushing nmethod 0x0000000002df1bd0
Event: 34.705 Thread 0x0000000016631800 flushing nmethod 0x0000000002e90190
Event: 34.713 Executing VM operation: RevokeBias
Event: 34.713 Executing VM operation: RevokeBias done


Dynamic libraries:
0x00007ff7f9200000 - 0x00007ff7f9231000 	C:\Program Files\Android\Android Studio\jre\bin\java.exe
0x00007ffd12ca0000 - 0x00007ffd12e90000 	C:\WINDOWS\SYSTEM32\ntdll.dll
0x00007ffd10d50000 - 0x00007ffd10e02000 	C:\WINDOWS\System32\KERNEL32.DLL
0x00007ffd10650000 - 0x00007ffd108f4000 	C:\WINDOWS\System32\KERNELBASE.dll
0x00007ffd11be0000 - 0x00007ffd11c83000 	C:\WINDOWS\System32\ADVAPI32.dll
0x00007ffd12000000 - 0x00007ffd1209e000 	C:\WINDOWS\System32\msvcrt.dll
0x00007ffd120a0000 - 0x00007ffd12137000 	C:\WINDOWS\System32\sechost.dll
0x00007ffd12140000 - 0x00007ffd12260000 	C:\WINDOWS\System32\RPCRT4.dll
0x00007ffd12480000 - 0x00007ffd12614000 	C:\WINDOWS\System32\USER32.dll
0x00007ffd0fdd0000 - 0x00007ffd0fdf1000 	C:\WINDOWS\System32\win32u.dll
0x00007ffd11fd0000 - 0x00007ffd11ff6000 	C:\WINDOWS\System32\GDI32.dll
0x00007ffd0fc30000 - 0x00007ffd0fdc5000 	C:\WINDOWS\System32\gdi32full.dll
0x00007ffd10b30000 - 0x00007ffd10bce000 	C:\WINDOWS\System32\msvcp_win.dll
0x00007ffd10900000 - 0x00007ffd109fa000 	C:\WINDOWS\System32\ucrtbase.dll
0x00007ffcfcba0000 - 0x00007ffcfce24000 	C:\WINDOWS\WinSxS\amd64_microsoft.windows.common-controls_6595b64144ccf1df_6.0.18362.900_none_e6beb9d913147d17\COMCTL32.dll
0x00007ffd11870000 - 0x00007ffd11ba5000 	C:\WINDOWS\System32\combase.dll
0x00007ffd105d0000 - 0x00007ffd10650000 	C:\WINDOWS\System32\bcryptPrimitives.dll
0x00007ffd10ec0000 - 0x00007ffd10eee000 	C:\WINDOWS\System32\IMM32.DLL
0x00000000623e0000 - 0x00000000624b2000 	C:\Program Files\Android\Android Studio\jre\jre\bin\msvcr100.dll
0x0000000062e10000 - 0x000000006365b000 	C:\Program Files\Android\Android Studio\jre\jre\bin\server\jvm.dll
0x00007ffd11bd0000 - 0x00007ffd11bd8000 	C:\WINDOWS\System32\PSAPI.DLL
0x00007ffd0d730000 - 0x00007ffd0d754000 	C:\WINDOWS\SYSTEM32\WINMM.dll
0x00007ffd05f10000 - 0x00007ffd05f1a000 	C:\WINDOWS\SYSTEM32\VERSION.dll
0x00007ffd0d700000 - 0x00007ffd0d72d000 	C:\WINDOWS\SYSTEM32\WINMMBASE.dll
0x00007ffd0fe00000 - 0x00007ffd0fe4a000 	C:\WINDOWS\System32\cfgmgr32.dll
0x00007ffceb630000 - 0x00007ffceb639000 	C:\WINDOWS\SYSTEM32\WSOCK32.dll
0x00007ffd12260000 - 0x00007ffd122cf000 	C:\WINDOWS\System32\ws2_32.DLL
0x00007ffd04460000 - 0x00007ffd0446f000 	C:\Program Files\Android\Android Studio\jre\jre\bin\verify.dll
0x00007ffd03010000 - 0x00007ffd03039000 	C:\Program Files\Android\Android Studio\jre\jre\bin\java.dll
0x00007ffd02fc0000 - 0x00007ffd02fd6000 	C:\Program Files\Android\Android Studio\jre\jre\bin\zip.dll
0x00007ffd10f60000 - 0x00007ffd11646000 	C:\WINDOWS\System32\SHELL32.dll
0x00007ffd10e10000 - 0x00007ffd10eb9000 	C:\WINDOWS\System32\shcore.dll
0x00007ffd0fe50000 - 0x00007ffd105d0000 	C:\WINDOWS\System32\windows.storage.dll
0x00007ffd0fc00000 - 0x00007ffd0fc23000 	C:\WINDOWS\System32\profapi.dll
0x00007ffd0fb70000 - 0x00007ffd0fbba000 	C:\WINDOWS\System32\powrprof.dll
0x00007ffd0fb60000 - 0x00007ffd0fb70000 	C:\WINDOWS\System32\UMPDC.dll
0x00007ffd12a90000 - 0x00007ffd12ae2000 	C:\WINDOWS\System32\shlwapi.dll
0x00007ffd0fbc0000 - 0x00007ffd0fbd1000 	C:\WINDOWS\System32\kernel.appcore.dll
0x00007ffd10b10000 - 0x00007ffd10b27000 	C:\WINDOWS\System32\cryptsp.dll
0x00007ffd02f90000 - 0x00007ffd02faa000 	C:\Program Files\Android\Android Studio\jre\jre\bin\net.dll
0x00007ffd0f370000 - 0x00007ffd0f3d7000 	C:\WINDOWS\system32\mswsock.dll
0x00007ffd02cb0000 - 0x00007ffd02cc3000 	C:\Program Files\Android\Android Studio\jre\jre\bin\nio.dll
0x00007ffcfcb70000 - 0x00007ffcfcb97000 	C:\Users\JEAN-KRLO\.gradle\native\f6784746aeab05261644944871eae4fe03e0ef1612fff0a4a95f87b438bc6780\windows-amd64\native-platform.dll
0x00007ffd04450000 - 0x00007ffd0445d000 	C:\Program Files\Android\Android Studio\jre\jre\bin\management.dll
0x00007ffd0eee0000 - 0x00007ffd0ef13000 	C:\WINDOWS\system32\rsaenh.dll
0x00007ffd10d20000 - 0x00007ffd10d46000 	C:\WINDOWS\System32\bcrypt.dll
0x00007ffd0fa80000 - 0x00007ffd0faa5000 	C:\WINDOWS\SYSTEM32\USERENV.dll
0x00007ffd0f540000 - 0x00007ffd0f54c000 	C:\WINDOWS\SYSTEM32\CRYPTBASE.dll
0x00007ffd0f080000 - 0x00007ffd0f0ba000 	C:\WINDOWS\SYSTEM32\IPHLPAPI.DLL
0x00007ffd12af0000 - 0x00007ffd12af8000 	C:\WINDOWS\System32\NSI.dll
0x00007ffd039d0000 - 0x00007ffd039e6000 	C:\WINDOWS\SYSTEM32\dhcpcsvc6.DLL
0x00007ffd03e80000 - 0x00007ffd03e9c000 	C:\WINDOWS\SYSTEM32\dhcpcsvc.DLL
0x00007ffd0f110000 - 0x00007ffd0f1db000 	C:\WINDOWS\SYSTEM32\DNSAPI.dll
0x00007ffd04a90000 - 0x00007ffd04a9b000 	C:\WINDOWS\SYSTEM32\WINNSI.DLL

VM Arguments:
jvm_args: -Xmx1536m -Dfile.encoding=windows-1252 -Duser.country=ES -Duser.language=es -Duser.variant 
java_command: org.gradle.launcher.daemon.bootstrap.GradleDaemon 6.5
java_class_path (initial): C:\Users\JEAN-KRLO\.gradle\wrapper\dists\gradle-6.5-all\2oz4ud9k3tuxjg84bbf55q0tn\gradle-6.5\lib\gradle-launcher-6.5.jar
Launcher Type: SUN_STANDARD

Environment Variables:
JAVA_HOME=C:\Program Files\Java\jdk1.8.0_251
PATH=C:\Program Files\Microsoft MPI\Bin\;C:\Program Files (x86)\Common Files\Oracle\Java\javapath;C:\WINDOWS\system32;C:\WINDOWS;C:\WINDOWS\System32\Wbem;C:\WINDOWS\System32\WindowsPowerShell\v1.0\;C:\WINDOWS\System32\OpenSSH\;C:\Program Files\Microsoft SQL Server\Client SDK\ODBC\130\Tools\Binn\;C:\Program Files (x86)\Microsoft SQL Server\140\Tools\Binn\;C:\Program Files\Microsoft SQL Server\140\Tools\Binn\;C:\Program Files\Microsoft SQL Server\140\DTS\Binn\;C:\Program Files\Microsoft SQL Server\Client SDK\ODBC\110\Tools\Binn\;C:\Program Files (x86)\Microsoft SQL Server\120\Tools\Binn\;C:\Program Files\Microsoft SQL Server\120\Tools\Binn\;C:\Program Files\Microsoft SQL Server\120\DTS\Binn\;C:\Program Files (x86)\Microsoft SQL Server\120\Tools\Binn\ManagementStudio\;C:\Program Files (x86)\Microsoft SQL Server\120\DTS\Binn\;C:\Program Files (x86)\Windows Live\Shared;C:\Program Files\Git\cmd;C:\Users\JEAN-KRLO\AppData\Local\Android\Sdk\tools;C:\Program Files\Java\jdk1.8.0_251\bin;C:\Users\JEAN-KRLO\AppData\Local\Android\Sdk\platform-tools;C:\Users\JEAN-KRLO\.gradle;C:\Users\JEAN-KRLO\AndroidStudioProjects;C:\Users\JEAN-KRLO\AppData\Local\Android\SDK;J:\Microsoft VS Code\bin;C:\Users\JEAN-KRLO\AppData\Local\GitHubDesktop\bin
USERNAME=SANTILLANA
OS=Windows_NT
PROCESSOR_IDENTIFIER=Intel64 Family 6 Model 58 Stepping 9, GenuineIntel



---------------  S Y S T E M  ---------------

OS: Windows 10.0 , 64 bit Build 18362 (10.0.18362.900)

CPU:total 4 (initial active 4) (2 cores per cpu, 2 threads per core) family 6 model 58 stepping 9, cmov, cx8, fxsr, mmx, sse, sse2, sse3, ssse3, sse4.1, sse4.2, popcnt, avx, aes, clmul, erms, ht, tsc, tscinvbit, tscinv

Memory: 4k page, physical 8283924k(810164k free), swap 12189460k(11060k free)

vm_info: OpenJDK 64-Bit Server VM (25.242-b01) for windows-amd64 JRE (1.8.0_242-release-1644-b01), built by "builder" with MS VC++ 10.0 (VS2010)

time: Wed Jun 17 20:40:17 2020
timezone: Hora est. Pacífico, Sudamérica
elapsed time: 34 seconds (0d 0h 0m 34s)

