#
# There is insufficient memory for the Java Runtime Environment to continue.
# Native memory allocation (malloc) failed to allocate 610256 bytes for Chunk::new
# Possible reasons:
#   The system is out of physical RAM or swap space
#   The process is running with CompressedOops enabled, and the Java Heap may be blocking the growth of the native heap
# Possible solutions:
#   Reduce memory load on the system
#   Increase physical memory or swap space
#   Check if swap backing store is full
#   Decrease Java heap size (-Xmx/-Xms)
#   Decrease number of Java threads
#   Decrease Java thread stack sizes (-Xss)
#   Set larger code cache with -XX:ReservedCodeCacheSize=
#   JVM is running with Unscaled Compressed Oops mode in which the Java heap is
#     placed in the first 4GB address space. The Java Heap base address is the
#     maximum limit for the native heap growth. Please use -XX:HeapBaseMinAddress
#     to set the Java Heap base and to place the Java Heap above 4GB virtual address.
# This output file may be truncated or incomplete.
#
#  Out of Memory Error (allocation.cpp:389), pid=12860, tid=0x0000000000001a54
#
# JRE version: OpenJDK Runtime Environment (8.0_242-b01) (build 1.8.0_242-release-1644-b01)
# Java VM: OpenJDK 64-Bit Server VM (25.242-b01 mixed mode windows-amd64 compressed oops)
# Failed to write core dump. Minidumps are not enabled by default on client versions of Windows
#

---------------  T H R E A D  ---------------

Current thread (0x0000000016088800):  JavaThread "C2 CompilerThread0" daemon [_thread_in_native, id=6740, stack(0x0000000017700000,0x0000000017800000)]

Stack: [0x0000000017700000,0x0000000017800000]
[error occurred during error reporting (printing stack bounds), id 0xc0000005]

Native frames: (J=compiled Java code, j=interpreted, Vv=VM code, C=native code)


Current CompileTask:
C2: 143279 3194   !   4       java.net.URL::<init> (543 bytes)


---------------  P R O C E S S  ---------------

Java Threads: ( => current thread )
  0x000000001f162800 JavaThread "Stdin handler" [_thread_blocked, id=9800, stack(0x000000001a300000,0x000000001a400000)]
  0x0000000018465000 JavaThread "Daemon worker Thread 2" [_thread_in_Java, id=3464, stack(0x0000000019e80000,0x0000000019f80000)]
  0x000000001af42800 JavaThread "Cancel handler" [_thread_blocked, id=10052, stack(0x0000000000b00000,0x0000000000c00000)]
  0x0000000019710800 JavaThread "Handler for socket connection from /127.0.0.1:51789 to /127.0.0.1:51827" [_thread_in_native, id=16900, stack(0x0000000000a00000,0x0000000000b00000)]
  0x0000000019178800 JavaThread "Daemon Thread 2" [_thread_blocked, id=15468, stack(0x0000000000900000,0x0000000000a00000)]
  0x000000001ab8a000 JavaThread "File lock request listener" [_thread_in_native, id=3752, stack(0x000000001baf0000,0x000000001bbf0000)]
  0x00000000190b9800 JavaThread "Incoming local TCP Connector on port 51789" [_thread_in_native, id=17248, stack(0x0000000018800000,0x0000000018900000)]
  0x0000000017a28800 JavaThread "Service Thread" daemon [_thread_blocked, id=2292, stack(0x0000000017e00000,0x0000000017f00000)]
  0x000000001609b800 JavaThread "C1 CompilerThread2" daemon [_thread_in_native, id=16812, stack(0x0000000017900000,0x0000000017a00000)]
  0x0000000016096800 JavaThread "C2 CompilerThread1" daemon [_thread_in_native, id=7492, stack(0x0000000017800000,0x0000000017900000)]
=>0x0000000016088800 JavaThread "C2 CompilerThread0" daemon [_thread_in_native, id=6740, stack(0x0000000017700000,0x0000000017800000)]
  0x0000000016086800 JavaThread "Attach Listener" daemon [_thread_blocked, id=12740, stack(0x0000000017600000,0x0000000017700000)]
  0x0000000016083000 JavaThread "Signal Dispatcher" daemon [_thread_blocked, id=1912, stack(0x0000000017500000,0x0000000017600000)]
  0x000000000270c800 JavaThread "Finalizer" daemon [_thread_blocked, id=10200, stack(0x00000000172e0000,0x00000000173e0000)]
  0x0000000016069000 JavaThread "Reference Handler" daemon [_thread_blocked, id=15476, stack(0x00000000171e0000,0x00000000172e0000)]
  0x0000000002612800 JavaThread "main" [_thread_blocked, id=9400, stack(0x0000000002510000,0x0000000002610000)]

Other Threads:
  0x0000000016045800 VMThread [stack: 0x00000000170e0000,0x00000000171e0000] [id=15844]
  0x00000000160de800 WatcherThread [stack: 0x0000000017f00000,0x0000000018000000] [id=9144]

VM state:not at safepoint (normal execution)

VM Mutex/Monitor currently owned by a thread: None

heap address: 0x00000000a0000000, size: 1536 MB, Compressed Oops mode: 32-bit
Narrow klass base: 0x0000000000000000, Narrow klass shift: 3
Compressed class space size: 1073741824 Address: 0x0000000100000000

Heap:
 PSYoungGen      total 139776K, used 114517K [0x00000000e0000000, 0x00000000eaa80000, 0x0000000100000000)
  eden space 130560K, 87% used [0x00000000e0000000,0x00000000e6fd5688,0x00000000e7f80000)
  from space 9216K, 0% used [0x00000000e7f80000,0x00000000e7f80000,0x00000000e8880000)
  to   space 9216K, 0% used [0x00000000ea180000,0x00000000ea180000,0x00000000eaa80000)
 ParOldGen       total 54784K, used 16365K [0x00000000a0000000, 0x00000000a3580000, 0x00000000e0000000)
  object space 54784K, 29% used [0x00000000a0000000,0x00000000a0ffb5d8,0x00000000a3580000)
 Metaspace       used 29978K, capacity 31516K, committed 31616K, reserved 1077248K
  class space    used 3861K, capacity 4390K, committed 4480K, reserved 1048576K

Card table byte_map: [0x0000000011ad0000,0x0000000011de0000] byte_map_base: 0x00000000115d0000

Marking Bits: (ParMarkBitMap*) 0x000000007211f030
 Begin Bits: [0x00000000123e0000, 0x0000000013be0000)
 End Bits:   [0x0000000013be0000, 0x00000000153e0000)

Polling page: 0x00000000007f0000

CodeCache: size=245760Kb used=11466Kb max_used=11658Kb free=234293Kb
 bounds [0x0000000002710000, 0x0000000003290000, 0x0000000011710000]
 total_blobs=3473 nmethods=2812 adapters=573
 compilation: enabled

Compilation events (10 events):
Event: 143.141 Thread 0x000000001609b800 nmethod 3200 0x0000000002ffd650 code [0x0000000002ffd7c0, 0x0000000002ffda08]
Event: 143.147 Thread 0x000000001609b800 3203  s    3       java.io.FileDescriptor::attach (73 bytes)
Event: 143.148 Thread 0x000000001609b800 nmethod 3203 0x0000000002ffc210 code [0x0000000002ffc420, 0x0000000002ffd028]
Event: 143.156 Thread 0x0000000016096800 nmethod 3195 0x0000000002febd50 code [0x0000000002febf20, 0x0000000002fece28]
Event: 143.157 Thread 0x0000000016096800 3201       4       java.util.regex.Matcher::search (109 bytes)
Event: 143.162 Thread 0x0000000016096800 nmethod 3201 0x0000000002ffbbd0 code [0x0000000002ffbd20, 0x0000000002ffbfb8]
Event: 143.162 Thread 0x0000000016096800 3196       4       groovy.lang.MetaClassImpl::findPropertyMethod (356 bytes)
Event: 143.202 Thread 0x000000001609b800 3204       3       java.lang.Enum::hashCode (5 bytes)
Event: 143.203 Thread 0x000000001609b800 nmethod 3204 0x0000000002ffe910 code [0x0000000002ffea80, 0x0000000002ffec08]
Event: 143.212 Thread 0x000000001609b800 3207       3       java.beans.Introspector::getTargetEventInfo (1082 bytes)

GC Heap History (10 events):
Event: 9.053 GC heap before
{Heap before GC invocations=11 (full 1):
 PSYoungGen      total 139776K, used 133776K [0x00000000e0000000, 0x00000000eaa80000, 0x0000000100000000)
  eden space 130560K, 100% used [0x00000000e0000000,0x00000000e7f80000,0x00000000e7f80000)
  from space 9216K, 34% used [0x00000000e7f80000,0x00000000e82a4020,0x00000000e8880000)
  to   space 9216K, 0% used [0x00000000ea180000,0x00000000ea180000,0x00000000eaa80000)
 ParOldGen       total 54784K, used 8000K [0x00000000a0000000, 0x00000000a3580000, 0x00000000e0000000)
  object space 54784K, 14% used [0x00000000a0000000,0x00000000a07d0078,0x00000000a3580000)
 Metaspace       used 25302K, capacity 26050K, committed 26112K, reserved 1071104K
  class space    used 3294K, capacity 3559K, committed 3584K, reserved 1048576K
Event: 9.060 GC heap after
Heap after GC invocations=11 (full 1):
 PSYoungGen      total 139776K, used 1344K [0x00000000e0000000, 0x00000000eaa80000, 0x0000000100000000)
  eden space 130560K, 0% used [0x00000000e0000000,0x00000000e0000000,0x00000000e7f80000)
  from space 9216K, 14% used [0x00000000ea180000,0x00000000ea2d0030,0x00000000eaa80000)
  to   space 9216K, 0% used [0x00000000e7f80000,0x00000000e7f80000,0x00000000e8880000)
 ParOldGen       total 54784K, used 10493K [0x00000000a0000000, 0x00000000a3580000, 0x00000000e0000000)
  object space 54784K, 19% used [0x00000000a0000000,0x00000000a0a3f5e8,0x00000000a3580000)
 Metaspace       used 25302K, capacity 26050K, committed 26112K, reserved 1071104K
  class space    used 3294K, capacity 3559K, committed 3584K, reserved 1048576K
}
Event: 11.314 GC heap before
{Heap before GC invocations=12 (full 1):
 PSYoungGen      total 139776K, used 131904K [0x00000000e0000000, 0x00000000eaa80000, 0x0000000100000000)
  eden space 130560K, 100% used [0x00000000e0000000,0x00000000e7f80000,0x00000000e7f80000)
  from space 9216K, 14% used [0x00000000ea180000,0x00000000ea2d0030,0x00000000eaa80000)
  to   space 9216K, 0% used [0x00000000e7f80000,0x00000000e7f80000,0x00000000e8880000)
 ParOldGen       total 54784K, used 10493K [0x00000000a0000000, 0x00000000a3580000, 0x00000000e0000000)
  object space 54784K, 19% used [0x00000000a0000000,0x00000000a0a3f5e8,0x00000000a3580000)
 Metaspace       used 29108K, capacity 30156K, committed 30336K, reserved 1075200K
  class space    used 3772K, capacity 4179K, committed 4224K, reserved 1048576K
Event: 11.332 GC heap after
Heap after GC invocations=12 (full 1):
 PSYoungGen      total 139776K, used 7326K [0x00000000e0000000, 0x00000000eaa80000, 0x0000000100000000)
  eden space 130560K, 0% used [0x00000000e0000000,0x00000000e0000000,0x00000000e7f80000)
  from space 9216K, 79% used [0x00000000e7f80000,0x00000000e86a79f0,0x00000000e8880000)
  to   space 9216K, 0% used [0x00000000ea180000,0x00000000ea180000,0x00000000eaa80000)
 ParOldGen       total 54784K, used 11789K [0x00000000a0000000, 0x00000000a3580000, 0x00000000e0000000)
  object space 54784K, 21% used [0x00000000a0000000,0x00000000a0b83658,0x00000000a3580000)
 Metaspace       used 29108K, capacity 30156K, committed 30336K, reserved 1075200K
  class space    used 3772K, capacity 4179K, committed 4224K, reserved 1048576K
}
Event: 12.114 GC heap before
{Heap before GC invocations=13 (full 1):
 PSYoungGen      total 139776K, used 137886K [0x00000000e0000000, 0x00000000eaa80000, 0x0000000100000000)
  eden space 130560K, 100% used [0x00000000e0000000,0x00000000e7f80000,0x00000000e7f80000)
  from space 9216K, 79% used [0x00000000e7f80000,0x00000000e86a79f0,0x00000000e8880000)
  to   space 9216K, 0% used [0x00000000ea180000,0x00000000ea180000,0x00000000eaa80000)
 ParOldGen       total 54784K, used 11789K [0x00000000a0000000, 0x00000000a3580000, 0x00000000e0000000)
  object space 54784K, 21% used [0x00000000a0000000,0x00000000a0b83658,0x00000000a3580000)
 Metaspace       used 29402K, capacity 30654K, committed 30976K, reserved 1075200K
  class space    used 3805K, capacity 4253K, committed 4352K, reserved 1048576K
Event: 12.184 GC heap after
Heap after GC invocations=13 (full 1):
 PSYoungGen      total 139776K, used 1944K [0x00000000e0000000, 0x00000000eaa80000, 0x0000000100000000)
  eden space 130560K, 0% used [0x00000000e0000000,0x00000000e0000000,0x00000000e7f80000)
  from space 9216K, 21% used [0x00000000ea180000,0x00000000ea3662e8,0x00000000eaa80000)
  to   space 9216K, 0% used [0x00000000e7f80000,0x00000000e7f80000,0x00000000e8880000)
 ParOldGen       total 54784K, used 16493K [0x00000000a0000000, 0x00000000a3580000, 0x00000000e0000000)
  object space 54784K, 30% used [0x00000000a0000000,0x00000000a101b6f8,0x00000000a3580000)
 Metaspace       used 29402K, capacity 30654K, committed 30976K, reserved 1075200K
  class space    used 3805K, capacity 4253K, committed 4352K, reserved 1048576K
}
Event: 12.209 GC heap before
{Heap before GC invocations=14 (full 1):
 PSYoungGen      total 139776K, used 5173K [0x00000000e0000000, 0x00000000eaa80000, 0x0000000100000000)
  eden space 130560K, 2% used [0x00000000e0000000,0x00000000e0327340,0x00000000e7f80000)
  from space 9216K, 21% used [0x00000000ea180000,0x00000000ea3662e8,0x00000000eaa80000)
  to   space 9216K, 0% used [0x00000000e7f80000,0x00000000e7f80000,0x00000000e8880000)
 ParOldGen       total 54784K, used 16493K [0x00000000a0000000, 0x00000000a3580000, 0x00000000e0000000)
  object space 54784K, 30% used [0x00000000a0000000,0x00000000a101b6f8,0x00000000a3580000)
 Metaspace       used 29482K, capacity 30718K, committed 30976K, reserved 1075200K
  class space    used 3816K, capacity 4253K, committed 4352K, reserved 1048576K
Event: 12.246 GC heap after
Heap after GC invocations=14 (full 1):
 PSYoungGen      total 139776K, used 32K [0x00000000e0000000, 0x00000000eaa80000, 0x0000000100000000)
  eden space 130560K, 0% used [0x00000000e0000000,0x00000000e0000000,0x00000000e7f80000)
  from space 9216K, 0% used [0x00000000e7f80000,0x00000000e7f88000,0x00000000e8880000)
  to   space 9216K, 0% used [0x00000000ea180000,0x00000000ea180000,0x00000000eaa80000)
 ParOldGen       total 54784K, used 18333K [0x00000000a0000000, 0x00000000a3580000, 0x00000000e0000000)
  object space 54784K, 33% used [0x00000000a0000000,0x00000000a11e7738,0x00000000a3580000)
 Metaspace       used 29482K, capacity 30718K, committed 30976K, reserved 1075200K
  class space    used 3816K, capacity 4253K, committed 4352K, reserved 1048576K
}
Event: 12.246 GC heap before
{Heap before GC invocations=15 (full 2):
 PSYoungGen      total 139776K, used 32K [0x00000000e0000000, 0x00000000eaa80000, 0x0000000100000000)
  eden space 130560K, 0% used [0x00000000e0000000,0x00000000e0000000,0x00000000e7f80000)
  from space 9216K, 0% used [0x00000000e7f80000,0x00000000e7f88000,0x00000000e8880000)
  to   space 9216K, 0% used [0x00000000ea180000,0x00000000ea180000,0x00000000eaa80000)
 ParOldGen       total 54784K, used 18333K [0x00000000a0000000, 0x00000000a3580000, 0x00000000e0000000)
  object space 54784K, 33% used [0x00000000a0000000,0x00000000a11e7738,0x00000000a3580000)
 Metaspace       used 29482K, capacity 30718K, committed 30976K, reserved 1075200K
  class space    used 3816K, capacity 4253K, committed 4352K, reserved 1048576K
Event: 12.435 GC heap after
Heap after GC invocations=15 (full 2):
 PSYoungGen      total 139776K, used 0K [0x00000000e0000000, 0x00000000eaa80000, 0x0000000100000000)
  eden space 130560K, 0% used [0x00000000e0000000,0x00000000e0000000,0x00000000e7f80000)
  from space 9216K, 0% used [0x00000000e7f80000,0x00000000e7f80000,0x00000000e8880000)
  to   space 9216K, 0% used [0x00000000ea180000,0x00000000ea180000,0x00000000eaa80000)
 ParOldGen       total 54784K, used 16365K [0x00000000a0000000, 0x00000000a3580000, 0x00000000e0000000)
  object space 54784K, 29% used [0x00000000a0000000,0x00000000a0ffb5d8,0x00000000a3580000)
 Metaspace       used 29406K, capacity 30440K, committed 30976K, reserved 1075200K
  class space    used 3798K, capacity 4151K, committed 4352K, reserved 1048576K
}

Deoptimization events (10 events):
Event: 11.964 Thread 0x0000000019178800 Uncommon trap: reason=class_check action=maybe_recompile pc=0x0000000002c84480 method=java.lang.Throwable.<init>(Ljava/lang/String;Ljava/lang/Throwable;)V @ 24
Event: 11.965 Thread 0x0000000019178800 Uncommon trap: reason=class_check action=maybe_recompile pc=0x0000000002c84480 method=java.lang.Throwable.<init>(Ljava/lang/String;Ljava/lang/Throwable;)V @ 24
Event: 12.027 Thread 0x0000000019178800 Uncommon trap: reason=unstable_if action=reinterpret pc=0x0000000002f68ffc method=java.util.HashMap$HashIterator.<init>(Ljava/util/HashMap;)V @ 45
Event: 12.437 Thread 0x0000000002612800 Uncommon trap: reason=unstable_if action=reinterpret pc=0x0000000002f71114 method=java.util.concurrent.locks.AbstractQueuedSynchronizer.release(I)Z @ 14
Event: 12.669 Thread 0x0000000019370800 Uncommon trap: reason=unstable_if action=reinterpret pc=0x0000000002f724b8 method=java.util.HashMap$HashIterator.<init>(Ljava/util/HashMap;)V @ 45
Event: 12.669 Thread 0x0000000019370800 Uncommon trap: reason=unstable_if action=reinterpret pc=0x0000000002f6fa1c method=java.util.HashMap$HashIterator.<init>(Ljava/util/HashMap;)V @ 45
Event: 53.153 Thread 0x0000000019178800 Uncommon trap: reason=bimorphic action=maybe_recompile pc=0x0000000002f81378 method=org.codehaus.groovy.control.ResolveVisitor.resolveNestedClass(Lorg/codehaus/groovy/ast/ClassNode;)Z @ 113
Event: 53.153 Thread 0x0000000019178800 Uncommon trap: reason=bimorphic action=maybe_recompile pc=0x0000000002f6e06c method=org.codehaus.groovy.control.ResolveVisitor.resolveFromCompileUnit(Lorg/codehaus/groovy/ast/ClassNode;)Z @ 16
Event: 53.652 Thread 0x0000000019178800 Uncommon trap: reason=class_check action=maybe_recompile pc=0x0000000002c84480 method=java.lang.Throwable.<init>(Ljava/lang/String;Ljava/lang/Throwable;)V @ 24
Event: 53.652 Thread 0x0000000019178800 Uncommon trap: reason=class_check action=maybe_recompile pc=0x0000000002c84480 method=java.lang.Throwable.<init>(Ljava/lang/String;Ljava/lang/Throwable;)V @ 24

Classes redefined (0 events):
No events

Internal exceptions (10 events):
Event: 53.652 Thread 0x0000000019178800 Exception <a 'java/lang/reflect/InvocationTargetException'> (0x00000000e64dd538) thrown at [C:\src\AOSP-openjdk-git\hotspot\src\share\vm\runtime\reflection.cpp, line 1092]
Event: 53.652 Thread 0x0000000019178800 Exception <a 'java/lang/reflect/InvocationTargetException'> (0x00000000e64deaf8) thrown at [C:\src\AOSP-openjdk-git\hotspot\src\share\vm\runtime\reflection.cpp, line 1092]
Event: 53.652 Thread 0x0000000019178800 Exception <a 'java/lang/reflect/InvocationTargetException'> (0x00000000e64dfa88) thrown at [C:\src\AOSP-openjdk-git\hotspot\src\share\vm\runtime\reflection.cpp, line 1092]
Event: 53.652 Thread 0x0000000019178800 Exception <a 'java/lang/reflect/InvocationTargetException'> (0x00000000e64e0648) thrown at [C:\src\AOSP-openjdk-git\hotspot\src\share\vm\runtime\reflection.cpp, line 1092]
Event: 142.769 Thread 0x0000000019710800 Exception <a 'java/lang/NoSuchMethodError': <clinit>> (0x00000000e68387e8) thrown at [C:\src\AOSP-openjdk-git\hotspot\src\share\vm\prims\jni.cpp, line 1615]
Event: 142.774 Thread 0x0000000019710800 Exception <a 'java/lang/NoSuchMethodError': <clinit>> (0x00000000e685d668) thrown at [C:\src\AOSP-openjdk-git\hotspot\src\share\vm\prims\jni.cpp, line 1615]
Event: 143.120 Thread 0x0000000018465000 Exception <a 'java/lang/ClassNotFoundException': ijresolvers_dirczu2k6kf1097vw4081wiwvBeanInfo> (0x00000000e6bc4a00) thrown at [C:\src\AOSP-openjdk-git\hotspot\src\share\vm\classfile\systemDictionary.cpp, line 210]
Event: 143.121 Thread 0x0000000018465000 Exception <a 'java/lang/ClassNotFoundException': ijresolvers_dirczu2k6kf1097vw4081wiwvCustomizer> (0x00000000e6bcdb88) thrown at [C:\src\AOSP-openjdk-git\hotspot\src\share\vm\classfile\systemDictionary.cpp, line 210]
Event: 143.211 Thread 0x0000000018465000 Exception <a 'java/lang/ClassNotFoundException': ijmiscinit_u7fzxiwjq3t21ynu2iwaq07oBeanInfo> (0x00000000e6dd0af0) thrown at [C:\src\AOSP-openjdk-git\hotspot\src\share\vm\classfile\systemDictionary.cpp, line 210]
Event: 143.211 Thread 0x0000000018465000 Exception <a 'java/lang/ClassNotFoundException': ijmiscinit_u7fzxiwjq3t21ynu2iwaq07oCustomizer> (0x00000000e6dd9a48) thrown at [C:\src\AOSP-openjdk-git\hotspot\src\share\vm\classfile\systemDictionary.cpp, line 210]

Events (10 events):
Event: 143.217 loading class groovy/runtime/metaclass/ijmiscinit_u7fzxiwjq3t21ynu2iwaq07o$_run_closure1MetaClass
Event: 143.217 loading class groovy/runtime/metaclass/ijmiscinit_u7fzxiwjq3t21ynu2iwaq07o$_run_closure1MetaClass done
Event: 143.217 loading class org/codehaus/groovy/runtime/metaclass/ClosureMetaClass$3
Event: 143.217 loading class org/codehaus/groovy/runtime/metaclass/ClosureMetaClass$3 done
Event: 143.218 Executing VM operation: RevokeBias
Event: 143.218 Executing VM operation: RevokeBias done
Event: 143.218 Executing VM operation: RevokeBias
Event: 143.218 Executing VM operation: RevokeBias done
Event: 143.219 loading class org/gradle/listener/ClosureBackedMethodInvocationDispatch
Event: 143.219 loading class org/gradle/listener/ClosureBackedMethodInvocationDispatch done


Dynamic libraries:
0x00007ff76a340000 - 0x00007ff76a371000 	C:\Program Files\Android\Android Studio\jre\bin\java.exe
0x00007ff8d7440000 - 0x00007ff8d7630000 	C:\WINDOWS\SYSTEM32\ntdll.dll
0x00007ff8d6750000 - 0x00007ff8d6802000 	C:\WINDOWS\System32\KERNEL32.DLL
0x00007ff8d4960000 - 0x00007ff8d4c04000 	C:\WINDOWS\System32\KERNELBASE.dll
0x00007ff8d5ce0000 - 0x00007ff8d5d83000 	C:\WINDOWS\System32\ADVAPI32.dll
0x00007ff8d5d90000 - 0x00007ff8d5e2e000 	C:\WINDOWS\System32\msvcrt.dll
0x00007ff8d5f70000 - 0x00007ff8d6007000 	C:\WINDOWS\System32\sechost.dll
0x00007ff8d6610000 - 0x00007ff8d6730000 	C:\WINDOWS\System32\RPCRT4.dll
0x00007ff8d54f0000 - 0x00007ff8d5684000 	C:\WINDOWS\System32\USER32.dll
0x00007ff8d5410000 - 0x00007ff8d5431000 	C:\WINDOWS\System32\win32u.dll
0x00007ff8d5890000 - 0x00007ff8d58b6000 	C:\WINDOWS\System32\GDI32.dll
0x00007ff8d43f0000 - 0x00007ff8d4585000 	C:\WINDOWS\System32\gdi32full.dll
0x00007ff8d4860000 - 0x00007ff8d48fe000 	C:\WINDOWS\System32\msvcp_win.dll
0x00007ff8d4590000 - 0x00007ff8d468a000 	C:\WINDOWS\System32\ucrtbase.dll
0x00007ff8ae600000 - 0x00007ff8ae884000 	C:\WINDOWS\WinSxS\amd64_microsoft.windows.common-controls_6595b64144ccf1df_6.0.18362.900_none_e6beb9d913147d17\COMCTL32.dll
0x00007ff8d70c0000 - 0x00007ff8d73f5000 	C:\WINDOWS\System32\combase.dll
0x00007ff8d4690000 - 0x00007ff8d4710000 	C:\WINDOWS\System32\bcryptPrimitives.dll
0x00007ff8d5cb0000 - 0x00007ff8d5cde000 	C:\WINDOWS\System32\IMM32.DLL
0x0000000074130000 - 0x0000000074202000 	C:\Program Files\Android\Android Studio\jre\jre\bin\msvcr100.dll
0x0000000071950000 - 0x000000007219b000 	C:\Program Files\Android\Android Studio\jre\jre\bin\server\jvm.dll
0x00007ff8d5c20000 - 0x00007ff8d5c28000 	C:\WINDOWS\System32\PSAPI.DLL
0x00007ff8a89f0000 - 0x00007ff8a89f9000 	C:\WINDOWS\SYSTEM32\WSOCK32.dll
0x00007ff8d21f0000 - 0x00007ff8d2214000 	C:\WINDOWS\SYSTEM32\WINMM.dll
0x00007ff8d2e10000 - 0x00007ff8d2e1a000 	C:\WINDOWS\SYSTEM32\VERSION.dll
0x00007ff8d6530000 - 0x00007ff8d659f000 	C:\WINDOWS\System32\WS2_32.dll
0x00007ff8d21c0000 - 0x00007ff8d21ed000 	C:\WINDOWS\SYSTEM32\winmmbase.dll
0x00007ff8d4c10000 - 0x00007ff8d4c5a000 	C:\WINDOWS\System32\cfgmgr32.dll
0x00007ff8d11b0000 - 0x00007ff8d11bf000 	C:\Program Files\Android\Android Studio\jre\jre\bin\verify.dll
0x00007ff8d1080000 - 0x00007ff8d10a9000 	C:\Program Files\Android\Android Studio\jre\jre\bin\java.dll
0x00007ff8d1190000 - 0x00007ff8d11a6000 	C:\Program Files\Android\Android Studio\jre\jre\bin\zip.dll
0x00007ff8d6810000 - 0x00007ff8d6ef6000 	C:\WINDOWS\System32\SHELL32.dll
0x00007ff8d6480000 - 0x00007ff8d6529000 	C:\WINDOWS\System32\shcore.dll
0x00007ff8d4c90000 - 0x00007ff8d5410000 	C:\WINDOWS\System32\windows.storage.dll
0x00007ff8d4330000 - 0x00007ff8d4353000 	C:\WINDOWS\System32\profapi.dll
0x00007ff8d4360000 - 0x00007ff8d43aa000 	C:\WINDOWS\System32\powrprof.dll
0x00007ff8d4300000 - 0x00007ff8d4310000 	C:\WINDOWS\System32\UMPDC.dll
0x00007ff8d65b0000 - 0x00007ff8d6602000 	C:\WINDOWS\System32\shlwapi.dll
0x00007ff8d43b0000 - 0x00007ff8d43c1000 	C:\WINDOWS\System32\kernel.appcore.dll
0x00007ff8d43d0000 - 0x00007ff8d43e7000 	C:\WINDOWS\System32\cryptsp.dll
0x00007ff8d10f0000 - 0x00007ff8d110a000 	C:\Program Files\Android\Android Studio\jre\jre\bin\net.dll
0x00007ff8d3b10000 - 0x00007ff8d3b77000 	C:\WINDOWS\system32\mswsock.dll
0x00007ff8c00d0000 - 0x00007ff8c00e3000 	C:\Program Files\Android\Android Studio\jre\jre\bin\nio.dll
0x00007ff8d2bd0000 - 0x00007ff8d2be2000 	C:\Users\JEAN-KRLO\.gradle\native\19\windows-amd64\native-platform.dll
0x00007ff8d3820000 - 0x00007ff8d385a000 	C:\WINDOWS\SYSTEM32\IPHLPAPI.DLL
0x00007ff8d65a0000 - 0x00007ff8d65a8000 	C:\WINDOWS\System32\NSI.dll
0x00007ff8c4f00000 - 0x00007ff8c4f16000 	C:\WINDOWS\SYSTEM32\dhcpcsvc6.DLL
0x00007ff8c4ee0000 - 0x00007ff8c4efc000 	C:\WINDOWS\SYSTEM32\dhcpcsvc.DLL
0x00007ff8d3860000 - 0x00007ff8d392b000 	C:\WINDOWS\SYSTEM32\DNSAPI.dll
0x00007ff8d3680000 - 0x00007ff8d36b3000 	C:\WINDOWS\system32\rsaenh.dll
0x00007ff8d4c60000 - 0x00007ff8d4c86000 	C:\WINDOWS\System32\bcrypt.dll
0x00007ff8d4220000 - 0x00007ff8d4245000 	C:\WINDOWS\SYSTEM32\USERENV.dll
0x00007ff8d3ce0000 - 0x00007ff8d3cec000 	C:\WINDOWS\SYSTEM32\CRYPTBASE.dll
0x00007ff8cfec0000 - 0x00007ff8cfecd000 	C:\Program Files\Android\Android Studio\jre\jre\bin\management.dll

VM Arguments:
jvm_args: -Xmx1536m -Dfile.encoding=windows-1252 -Duser.country=ES -Duser.language=es -Duser.variant 
java_command: org.gradle.launcher.daemon.bootstrap.GradleDaemon 2.6
java_class_path (initial): C:\Users\JEAN-KRLO\.gradle\wrapper\dists\gradle-2.6-bin\7og9jkn1p1nxjafu1htp0hhvc\gradle-2.6\lib\gradle-launcher-2.6.jar
Launcher Type: SUN_STANDARD

Environment Variables:
JAVA_HOME=C:\Program Files\Java\jdk1.8.0_251
PATH=C:\Program Files\Microsoft MPI\Bin\;C:\Program Files (x86)\Common Files\Oracle\Java\javapath;C:\WINDOWS\system32;C:\WINDOWS;C:\WINDOWS\System32\Wbem;C:\WINDOWS\System32\WindowsPowerShell\v1.0\;C:\WINDOWS\System32\OpenSSH\;C:\Program Files\Microsoft SQL Server\Client SDK\ODBC\130\Tools\Binn\;C:\Program Files (x86)\Microsoft SQL Server\140\Tools\Binn\;C:\Program Files\Microsoft SQL Server\140\Tools\Binn\;C:\Program Files\Microsoft SQL Server\140\DTS\Binn\;C:\Program Files\Microsoft SQL Server\Client SDK\ODBC\110\Tools\Binn\;C:\Program Files (x86)\Microsoft SQL Server\120\Tools\Binn\;C:\Program Files\Microsoft SQL Server\120\Tools\Binn\;C:\Program Files\Microsoft SQL Server\120\DTS\Binn\;C:\Program Files (x86)\Microsoft SQL Server\120\Tools\Binn\ManagementStudio\;C:\Program Files (x86)\Microsoft SQL Server\120\DTS\Binn\;C:\Program Files (x86)\Windows Live\Shared;C:\Program Files\Git\cmd;C:\Users\JEAN-KRLO\AppData\Local\Android\Sdk\tools;C:\Program Files\Java\jdk1.8.0_251\bin;C:\Users\JEAN-KRLO\AppData\Local\Android\Sdk\platform-tools;C:\Users\JEAN-KRLO\.gradle;C:\Users\JEAN-KRLO\AndroidStudioProjects;C:\Users\JEAN-KRLO\AppData\Local\Android\SDK;J:\Microsoft VS Code\bin;C:\Users\JEAN-KRLO\AppData\Local\GitHubDesktop\bin
USERNAME=SANTILLANA
OS=Windows_NT
PROCESSOR_IDENTIFIER=Intel64 Family 6 Model 58 Stepping 9, GenuineIntel



---------------  S Y S T E M  ---------------

OS: Windows 10.0 , 64 bit Build 18362 (10.0.18362.900)

CPU:total 4 (initial active 4) (2 cores per cpu, 2 threads per core) family 6 model 58 stepping 9, cmov, cx8, fxsr, mmx, sse, sse2, sse3, ssse3, sse4.1, sse4.2, popcnt, avx, aes, clmul, erms, ht, tsc, tscinvbit, tscinv

Memory: 4k page, physical 8283924k(719036k free), swap 12189460k(2028k free)

vm_info: OpenJDK 64-Bit Server VM (25.242-b01) for windows-amd64 JRE (1.8.0_242-release-1644-b01), built by "builder" with MS VC++ 10.0 (VS2010)

time: Wed Jun 17 23:44:47 2020
timezone: Hora est. Pacífico, Sudamérica
elapsed time: 143 seconds (0d 0h 2m 23s)

