#
# There is insufficient memory for the Java Runtime Environment to continue.
# Native memory allocation (malloc) failed to allocate 36976 bytes for Chunk::new
# Possible reasons:
#   The system is out of physical RAM or swap space
#   The process is running with CompressedOops enabled, and the Java Heap may be blocking the growth of the native heap
# Possible solutions:
#   Reduce memory load on the system
#   Increase physical memory or swap space
#   Check if swap backing store is full
#   Decrease Java heap size (-Xmx/-Xms)
#   Decrease number of Java threads
#   Decrease Java thread stack sizes (-Xss)
#   Set larger code cache with -XX:ReservedCodeCacheSize=
#   JVM is running with Unscaled Compressed Oops mode in which the Java heap is
#     placed in the first 4GB address space. The Java Heap base address is the
#     maximum limit for the native heap growth. Please use -XX:HeapBaseMinAddress
#     to set the Java Heap base and to place the Java Heap above 4GB virtual address.
# This output file may be truncated or incomplete.
#
#  Out of Memory Error (allocation.cpp:389), pid=25892, tid=0x0000000000005d6c
#
# JRE version: OpenJDK Runtime Environment (8.0_242-b01) (build 1.8.0_242-release-1644-b01)
# Java VM: OpenJDK 64-Bit Server VM (25.242-b01 mixed mode windows-amd64 compressed oops)
# Failed to write core dump. Minidumps are not enabled by default on client versions of Windows
#

---------------  T H R E A D  ---------------

Current thread (0x0000000016786000):  JavaThread "C2 CompilerThread0" daemon [_thread_in_native, id=23916, stack(0x0000000017e10000,0x0000000017f10000)]

Stack: [0x0000000017e10000,0x0000000017f10000]
[error occurred during error reporting (printing stack bounds), id 0xc0000005]

Native frames: (J=compiled Java code, j=interpreted, Vv=VM code, C=native code)


Current CompileTask:
C2:  49710 4182       4       org.objectweb.asm.ClassReader::readUTF8 (23 bytes)


---------------  P R O C E S S  ---------------

Java Threads: ( => current thread )
  0x00000000196ab800 JavaThread "Cache worker for file content cache (C:\Users\JEAN-KRLO\.gradle\caches\6.5\fileContent)" [_thread_blocked, id=33760, stack(0x0000000020870000,0x0000000020970000)]
  0x00000000196ac800 JavaThread "Cache worker for execution history cache (C:\Users\JEAN-KRLO\.gradle\caches\6.5\executionHistory)" [_thread_blocked, id=35188, stack(0x000000001ff70000,0x0000000020070000)]
  0x0000000019ffa800 JavaThread "Cache worker for cache directory md-rule (C:\Users\JEAN-KRLO\.gradle\caches\6.5\md-rule)" [_thread_blocked, id=21544, stack(0x000000001fc70000,0x000000001fd70000)]
  0x0000000019ff8000 JavaThread "Cache worker for cache directory md-supplier (C:\Users\JEAN-KRLO\.gradle\caches\6.5\md-supplier)" [_thread_blocked, id=32584, stack(0x000000001fb70000,0x000000001fc70000)]
  0x0000000019ff9800 JavaThread "Cache worker for checksums cache (C:\Users\JEAN-KRLO\Desktop\jd\Platzigram\.gradle\checksums)" [_thread_blocked, id=11300, stack(0x000000001fa70000,0x000000001fb70000)]
  0x0000000019ff9000 JavaThread "jar transforms Thread 23" [_thread_blocked, id=33364, stack(0x000000001f770000,0x000000001f870000)]
  0x0000000019ff7800 JavaThread "jar transforms Thread 22" [_thread_blocked, id=12724, stack(0x000000001f670000,0x000000001f770000)]
  0x0000000019ff0000 JavaThread "jar transforms Thread 21" [_thread_blocked, id=41488, stack(0x000000001f570000,0x000000001f670000)]
  0x0000000019ff6800 JavaThread "jar transforms Thread 20" [_thread_blocked, id=44532, stack(0x000000001f470000,0x000000001f570000)]
  0x0000000019ff4800 JavaThread "jar transforms Thread 19" [_thread_blocked, id=22232, stack(0x000000001f370000,0x000000001f470000)]
  0x0000000019ff6000 JavaThread "jar transforms Thread 18" [_thread_blocked, id=24240, stack(0x000000001f270000,0x000000001f370000)]
  0x0000000019ff5000 JavaThread "jar transforms Thread 17" [_thread_blocked, id=43728, stack(0x000000001f170000,0x000000001f270000)]
  0x0000000019fed000 JavaThread "jar transforms Thread 16" [_thread_blocked, id=22200, stack(0x000000001edd0000,0x000000001eed0000)]
  0x0000000019ff3800 JavaThread "jar transforms Thread 15" [_thread_blocked, id=19524, stack(0x000000001ecd0000,0x000000001edd0000)]
  0x0000000019fef000 JavaThread "jar transforms Thread 14" [_thread_blocked, id=34140, stack(0x000000001f070000,0x000000001f170000)]
  0x0000000019fec000 JavaThread "jar transforms Thread 13" [_thread_blocked, id=40460, stack(0x000000001ef70000,0x000000001f070000)]
  0x0000000019ff3000 JavaThread "jar transforms Thread 12" [_thread_blocked, id=21464, stack(0x000000001e9d0000,0x000000001ead0000)]
  0x0000000019feb800 JavaThread "jar transforms Thread 11" [_thread_blocked, id=24408, stack(0x000000001e8d0000,0x000000001e9d0000)]
  0x0000000019fed800 JavaThread "jar transforms Thread 10" [_thread_blocked, id=23584, stack(0x000000001e7d0000,0x000000001e8d0000)]
  0x0000000019ff2000 JavaThread "jar transforms Thread 9" [_thread_blocked, id=18856, stack(0x000000001e6d0000,0x000000001e7d0000)]
  0x0000000019ff1800 JavaThread "jar transforms Thread 8" [_thread_blocked, id=28020, stack(0x000000001e5d0000,0x000000001e6d0000)]
  0x0000000019ff0800 JavaThread "jar transforms Thread 7" [_thread_blocked, id=40988, stack(0x000000001e4d0000,0x000000001e5d0000)]
  0x0000000019fee800 JavaThread "jar transforms Thread 6" [_thread_blocked, id=6472, stack(0x000000001e3d0000,0x000000001e4d0000)]
  0x0000000018c89000 JavaThread "jar transforms Thread 5" [_thread_blocked, id=44400, stack(0x000000001e2d0000,0x000000001e3d0000)]
  0x0000000018c87000 JavaThread "jar transforms Thread 4" [_thread_blocked, id=27840, stack(0x000000001ebd0000,0x000000001ecd0000)]
  0x0000000018c87800 JavaThread "jar transforms Thread 3" [_thread_blocked, id=34696, stack(0x000000001ead0000,0x000000001ebd0000)]
  0x0000000018c88800 JavaThread "jar transforms Thread 2" [_thread_blocked, id=44428, stack(0x000000001e1d0000,0x000000001e2d0000)]
  0x0000000018c86000 JavaThread "jar transforms" [_thread_blocked, id=42432, stack(0x000000001e0d0000,0x000000001e1d0000)]
  0x0000000018c8c000 JavaThread "Cache worker for file hash cache (C:\Users\JEAN-KRLO\Desktop\jd\Platzigram\.gradle\6.5\fileHashes)" [_thread_blocked, id=25488, stack(0x000000001dcf0000,0x000000001ddf0000)]
  0x0000000018c8b800 JavaThread "File lock release action executor" [_thread_blocked, id=33052, stack(0x000000001d830000,0x000000001d930000)]
  0x0000000018c8a800 JavaThread "Cache worker for file hash cache (C:\Users\JEAN-KRLO\.gradle\caches\6.5\fileHashes)" [_thread_blocked, id=27096, stack(0x000000001dbf0000,0x000000001dcf0000)]
  0x0000000018c85800 JavaThread "File lock request listener" [_thread_in_native, id=25660, stack(0x000000001d630000,0x000000001d730000)]
  0x0000000018c8a000 JavaThread "Cache worker for journal cache (C:\Users\JEAN-KRLO\.gradle\caches\journal-1)" [_thread_blocked, id=19832, stack(0x000000001d530000,0x000000001d630000)]
  0x000000001a023000 JavaThread "Thread-9" [_thread_blocked, id=13492, stack(0x000000001c260000,0x000000001c360000)]
  0x000000001a0d3000 JavaThread "Stdin handler" [_thread_blocked, id=38716, stack(0x000000001c160000,0x000000001c260000)]
  0x000000001a0d2800 JavaThread "Asynchronous log dispatcher for DefaultDaemonConnection: socket connection from /127.0.0.1:65490 to /127.0.0.1:65492" [_thread_blocked, id=31780, stack(0x000000001c060000,0x000000001c160000)]
  0x000000001a032000 JavaThread "Daemon worker" [_thread_in_vm, id=24860, stack(0x000000001bf60000,0x000000001c060000)]
  0x000000001a025800 JavaThread "Cancel handler" [_thread_blocked, id=8948, stack(0x000000001be60000,0x000000001bf60000)]
  0x0000000019fe5800 JavaThread "Handler for socket connection from /127.0.0.1:65490 to /127.0.0.1:65492" [_thread_in_native, id=44876, stack(0x000000001bd60000,0x000000001be60000)]
  0x0000000019fd2800 JavaThread "Daemon periodic checks" [_thread_blocked, id=31204, stack(0x000000001bc60000,0x000000001bd60000)]
  0x0000000019fcf000 JavaThread "Daemon" [_thread_blocked, id=17404, stack(0x000000001bb60000,0x000000001bc60000)]
  0x0000000019f72800 JavaThread "Incoming local TCP Connector on port 65490" [_thread_in_native, id=25684, stack(0x000000001b6f0000,0x000000001b7f0000)]
  0x0000000019e70800 JavaThread "Daemon health stats" [_thread_blocked, id=29676, stack(0x000000001b0b0000,0x000000001b1b0000)]
  0x000000001813a000 JavaThread "Service Thread" daemon [_thread_blocked, id=41248, stack(0x0000000018510000,0x0000000018610000)]
  0x0000000016793800 JavaThread "C1 CompilerThread2" daemon [_thread_blocked, id=29252, stack(0x0000000018010000,0x0000000018110000)]
  0x000000001678b000 JavaThread "C2 CompilerThread1" daemon [_thread_in_native, id=19716, stack(0x0000000017f10000,0x0000000018010000)]
=>0x0000000016786000 JavaThread "C2 CompilerThread0" daemon [_thread_in_native, id=23916, stack(0x0000000017e10000,0x0000000017f10000)]
  0x0000000016783800 JavaThread "Attach Listener" daemon [_thread_blocked, id=14708, stack(0x0000000017d10000,0x0000000017e10000)]
  0x0000000016782000 JavaThread "Signal Dispatcher" daemon [_thread_blocked, id=16236, stack(0x0000000017c10000,0x0000000017d10000)]
  0x0000000002e0c800 JavaThread "Finalizer" daemon [_thread_blocked, id=27420, stack(0x00000000179f0000,0x0000000017af0000)]
  0x0000000016769000 JavaThread "Reference Handler" daemon [_thread_blocked, id=26240, stack(0x00000000178f0000,0x00000000179f0000)]
  0x0000000002d12800 JavaThread "main" [_thread_blocked, id=32892, stack(0x0000000002c10000,0x0000000002d10000)]

Other Threads:
  0x0000000016745800 VMThread [stack: 0x00000000177f0000,0x00000000178f0000] [id=2644]
  0x000000001813e800 WatcherThread [stack: 0x0000000018610000,0x0000000018710000] [id=27404]

VM state:not at safepoint (normal execution)

VM Mutex/Monitor currently owned by a thread: None

heap address: 0x00000000a0000000, size: 1536 MB, Compressed Oops mode: 32-bit
Narrow klass base: 0x0000000000000000, Narrow klass shift: 3
Compressed class space size: 1073741824 Address: 0x0000000100000000

Heap:
 PSYoungGen      total 202752K, used 193517K [0x00000000e0000000, 0x00000000f1e00000, 0x0000000100000000)
  eden space 190464K, 99% used [0x00000000e0000000,0x00000000eb8ed938,0x00000000eba00000)
  from space 12288K, 33% used [0x00000000eba00000,0x00000000ebe0dba8,0x00000000ec600000)
  to   space 11776K, 0% used [0x00000000f1280000,0x00000000f1280000,0x00000000f1e00000)
 ParOldGen       total 92672K, used 25108K [0x00000000a0000000, 0x00000000a5a80000, 0x00000000e0000000)
  object space 92672K, 27% used [0x00000000a0000000,0x00000000a18851a0,0x00000000a5a80000)
 Metaspace       used 40124K, capacity 41670K, committed 41856K, reserved 1085440K
  class space    used 5333K, capacity 5676K, committed 5760K, reserved 1048576K

Card table byte_map: [0x00000000121d0000,0x00000000124e0000] byte_map_base: 0x0000000011cd0000

Marking Bits: (ParMarkBitMap*) 0x00000000635df030
 Begin Bits: [0x0000000012ae0000, 0x00000000142e0000)
 End Bits:   [0x00000000142e0000, 0x0000000015ae0000)

Polling page: 0x0000000001230000

CodeCache: size=245760Kb used=14183Kb max_used=14183Kb free=231576Kb
 bounds [0x0000000002e10000, 0x0000000003c00000, 0x0000000011e10000]
 total_blobs=4487 nmethods=3761 adapters=637
 compilation: enabled

Compilation events (10 events):
Event: 49.682 Thread 0x0000000016793800 nmethod 4177 0x0000000003bf1750 code [0x0000000003bf18e0, 0x0000000003bf1c38]
Event: 49.682 Thread 0x0000000016793800 4178       3       com.google.common.base.Preconditions::checkArgument (17 bytes)
Event: 49.682 Thread 0x0000000016793800 nmethod 4178 0x0000000003bf1dd0 code [0x0000000003bf1f60, 0x0000000003bf22f8]
Event: 49.698 Thread 0x0000000016786000 4179       4       org.objectweb.asm.ClassReader::readInt (52 bytes)
Event: 49.698 Thread 0x0000000016793800 4180       3       org.objectweb.asm.Label::addLineNumber (89 bytes)
Event: 49.699 Thread 0x0000000016793800 nmethod 4180 0x0000000003bf2450 code [0x0000000003bf25e0, 0x0000000003bf2a88]
Event: 49.699 Thread 0x0000000016793800 4181       3       org.objectweb.asm.MethodWriter::visitLocalVariable (222 bytes)
Event: 49.699 Thread 0x0000000016786000 nmethod 4179 0x0000000003bf5950 code [0x0000000003bf5a80, 0x0000000003bf5b78]
Event: 49.699 Thread 0x0000000016786000 4182       4       org.objectweb.asm.ClassReader::readUTF8 (23 bytes)
Event: 49.700 Thread 0x0000000016793800 nmethod 4181 0x0000000003bf3bd0 code [0x0000000003bf3e80, 0x0000000003bf4e68]

GC Heap History (10 events):
Event: 32.473 GC heap before
{Heap before GC invocations=11 (full 2):
 PSYoungGen      total 103936K, used 93782K [0x00000000e0000000, 0x00000000e7700000, 0x0000000100000000)
  eden space 90624K, 100% used [0x00000000e0000000,0x00000000e5880000,0x00000000e5880000)
  from space 13312K, 23% used [0x00000000e6580000,0x00000000e6895998,0x00000000e7280000)
  to   space 13312K, 0% used [0x00000000e5880000,0x00000000e5880000,0x00000000e6580000)
 ParOldGen       total 92672K, used 16528K [0x00000000a0000000, 0x00000000a5a80000, 0x00000000e0000000)
  object space 92672K, 17% used [0x00000000a0000000,0x00000000a10243e8,0x00000000a5a80000)
 Metaspace       used 35998K, capacity 37218K, committed 37376K, reserved 1081344K
  class space    used 4785K, capacity 5076K, committed 5120K, reserved 1048576K
Event: 32.516 GC heap after
Heap after GC invocations=11 (full 2):
 PSYoungGen      total 103936K, used 4230K [0x00000000e0000000, 0x00000000e9980000, 0x0000000100000000)
  eden space 90624K, 0% used [0x00000000e0000000,0x00000000e0000000,0x00000000e5880000)
  from space 13312K, 31% used [0x00000000e5880000,0x00000000e5ca1bb8,0x00000000e6580000)
  to   space 12800K, 0% used [0x00000000e8d00000,0x00000000e8d00000,0x00000000e9980000)
 ParOldGen       total 92672K, used 16528K [0x00000000a0000000, 0x00000000a5a80000, 0x00000000e0000000)
  object space 92672K, 17% used [0x00000000a0000000,0x00000000a10243e8,0x00000000a5a80000)
 Metaspace       used 35998K, capacity 37218K, committed 37376K, reserved 1081344K
  class space    used 4785K, capacity 5076K, committed 5120K, reserved 1048576K
}
Event: 33.427 GC heap before
{Heap before GC invocations=12 (full 2):
 PSYoungGen      total 103936K, used 94854K [0x00000000e0000000, 0x00000000e9980000, 0x0000000100000000)
  eden space 90624K, 100% used [0x00000000e0000000,0x00000000e5880000,0x00000000e5880000)
  from space 13312K, 31% used [0x00000000e5880000,0x00000000e5ca1bb8,0x00000000e6580000)
  to   space 12800K, 0% used [0x00000000e8d00000,0x00000000e8d00000,0x00000000e9980000)
 ParOldGen       total 92672K, used 16528K [0x00000000a0000000, 0x00000000a5a80000, 0x00000000e0000000)
  object space 92672K, 17% used [0x00000000a0000000,0x00000000a10243e8,0x00000000a5a80000)
 Metaspace       used 36021K, capacity 37218K, committed 37376K, reserved 1081344K
  class space    used 4787K, capacity 5076K, committed 5120K, reserved 1048576K
Event: 33.489 GC heap after
Heap after GC invocations=12 (full 2):
 PSYoungGen      total 144384K, used 7074K [0x00000000e0000000, 0x00000000e9d00000, 0x0000000100000000)
  eden space 131584K, 0% used [0x00000000e0000000,0x00000000e0000000,0x00000000e8080000)
  from space 12800K, 55% used [0x00000000e8d00000,0x00000000e93e8b58,0x00000000e9980000)
  to   space 12800K, 0% used [0x00000000e8080000,0x00000000e8080000,0x00000000e8d00000)
 ParOldGen       total 92672K, used 16528K [0x00000000a0000000, 0x00000000a5a80000, 0x00000000e0000000)
  object space 92672K, 17% used [0x00000000a0000000,0x00000000a10243e8,0x00000000a5a80000)
 Metaspace       used 36021K, capacity 37218K, committed 37376K, reserved 1081344K
  class space    used 4787K, capacity 5076K, committed 5120K, reserved 1048576K
}
Event: 37.818 GC heap before
{Heap before GC invocations=13 (full 2):
 PSYoungGen      total 144384K, used 138658K [0x00000000e0000000, 0x00000000e9d00000, 0x0000000100000000)
  eden space 131584K, 100% used [0x00000000e0000000,0x00000000e8080000,0x00000000e8080000)
  from space 12800K, 55% used [0x00000000e8d00000,0x00000000e93e8b58,0x00000000e9980000)
  to   space 12800K, 0% used [0x00000000e8080000,0x00000000e8080000,0x00000000e8d00000)
 ParOldGen       total 92672K, used 16528K [0x00000000a0000000, 0x00000000a5a80000, 0x00000000e0000000)
  object space 92672K, 17% used [0x00000000a0000000,0x00000000a10243e8,0x00000000a5a80000)
 Metaspace       used 36592K, capacity 37852K, committed 38016K, reserved 1081344K
  class space    used 4831K, capacity 5130K, committed 5248K, reserved 1048576K
Event: 37.825 GC heap after
Heap after GC invocations=13 (full 2):
 PSYoungGen      total 144384K, used 3832K [0x00000000e0000000, 0x00000000ed400000, 0x0000000100000000)
  eden space 131584K, 0% used [0x00000000e0000000,0x00000000e0000000,0x00000000e8080000)
  from space 12800K, 29% used [0x00000000e8080000,0x00000000e843e038,0x00000000e8d00000)
  to   space 12288K, 0% used [0x00000000ec800000,0x00000000ec800000,0x00000000ed400000)
 ParOldGen       total 92672K, used 17221K [0x00000000a0000000, 0x00000000a5a80000, 0x00000000e0000000)
  object space 92672K, 18% used [0x00000000a0000000,0x00000000a10d1408,0x00000000a5a80000)
 Metaspace       used 36592K, capacity 37852K, committed 38016K, reserved 1081344K
  class space    used 4831K, capacity 5130K, committed 5248K, reserved 1048576K
}
Event: 39.536 GC heap before
{Heap before GC invocations=14 (full 2):
 PSYoungGen      total 144384K, used 135416K [0x00000000e0000000, 0x00000000ed400000, 0x0000000100000000)
  eden space 131584K, 100% used [0x00000000e0000000,0x00000000e8080000,0x00000000e8080000)
  from space 12800K, 29% used [0x00000000e8080000,0x00000000e843e038,0x00000000e8d00000)
  to   space 12288K, 0% used [0x00000000ec800000,0x00000000ec800000,0x00000000ed400000)
 ParOldGen       total 92672K, used 17221K [0x00000000a0000000, 0x00000000a5a80000, 0x00000000e0000000)
  object space 92672K, 18% used [0x00000000a0000000,0x00000000a10d1408,0x00000000a5a80000)
 Metaspace       used 36592K, capacity 37852K, committed 38016K, reserved 1081344K
  class space    used 4831K, capacity 5130K, committed 5248K, reserved 1048576K
Event: 39.557 GC heap after
Heap after GC invocations=14 (full 2):
 PSYoungGen      total 200704K, used 4315K [0x00000000e0000000, 0x00000000ed200000, 0x0000000100000000)
  eden space 190464K, 0% used [0x00000000e0000000,0x00000000e0000000,0x00000000eba00000)
  from space 10240K, 42% used [0x00000000ec800000,0x00000000ecc36e18,0x00000000ed200000)
  to   space 12288K, 0% used [0x00000000eba00000,0x00000000eba00000,0x00000000ec600000)
 ParOldGen       total 92672K, used 20776K [0x00000000a0000000, 0x00000000a5a80000, 0x00000000e0000000)
  object space 92672K, 22% used [0x00000000a0000000,0x00000000a144a388,0x00000000a5a80000)
 Metaspace       used 36592K, capacity 37852K, committed 38016K, reserved 1081344K
  class space    used 4831K, capacity 5130K, committed 5248K, reserved 1048576K
}
Event: 44.919 GC heap before
{Heap before GC invocations=15 (full 2):
 PSYoungGen      total 200704K, used 194779K [0x00000000e0000000, 0x00000000ed200000, 0x0000000100000000)
  eden space 190464K, 100% used [0x00000000e0000000,0x00000000eba00000,0x00000000eba00000)
  from space 10240K, 42% used [0x00000000ec800000,0x00000000ecc36e18,0x00000000ed200000)
  to   space 12288K, 0% used [0x00000000eba00000,0x00000000eba00000,0x00000000ec600000)
 ParOldGen       total 92672K, used 20776K [0x00000000a0000000, 0x00000000a5a80000, 0x00000000e0000000)
  object space 92672K, 22% used [0x00000000a0000000,0x00000000a144a388,0x00000000a5a80000)
 Metaspace       used 36598K, capacity 37852K, committed 38016K, reserved 1081344K
  class space    used 4831K, capacity 5130K, committed 5248K, reserved 1048576K
Event: 44.927 GC heap after
Heap after GC invocations=15 (full 2):
 PSYoungGen      total 202752K, used 4150K [0x00000000e0000000, 0x00000000f1e00000, 0x0000000100000000)
  eden space 190464K, 0% used [0x00000000e0000000,0x00000000e0000000,0x00000000eba00000)
  from space 12288K, 33% used [0x00000000eba00000,0x00000000ebe0dba8,0x00000000ec600000)
  to   space 11776K, 0% used [0x00000000f1280000,0x00000000f1280000,0x00000000f1e00000)
 ParOldGen       total 92672K, used 25108K [0x00000000a0000000, 0x00000000a5a80000, 0x00000000e0000000)
  object space 92672K, 27% used [0x00000000a0000000,0x00000000a18851a0,0x00000000a5a80000)
 Metaspace       used 36598K, capacity 37852K, committed 38016K, reserved 1081344K
  class space    used 4831K, capacity 5130K, committed 5248K, reserved 1048576K
}

Deoptimization events (10 events):
Event: 47.889 Thread 0x000000001a032000 Uncommon trap: reason=class_check action=maybe_recompile pc=0x0000000003ad49b8 method=org.codehaus.groovy.reflection.ParameterTypes.getParametersTypes0()V @ 16
Event: 47.964 Thread 0x000000001a032000 Uncommon trap: reason=unstable_if action=reinterpret pc=0x0000000003403a10 method=java.util.HashMap.putVal(ILjava/lang/Object;Ljava/lang/Object;ZZ)Ljava/lang/Object; @ 162
Event: 48.144 Thread 0x000000001a032000 Uncommon trap: reason=unstable_if action=reinterpret pc=0x00000000033abd2c method=java.util.Arrays.hashCode([Ljava/lang/Object;)I @ 34
Event: 48.932 Thread 0x000000001a032000 Uncommon trap: reason=unstable_if action=reinterpret pc=0x000000000313f7a4 method=java.util.HashMap.getNode(ILjava/lang/Object;)Ljava/util/HashMap$Node; @ 53
Event: 49.041 Thread 0x000000001a032000 Uncommon trap: reason=unstable_if action=reinterpret pc=0x000000000345d204 method=java.util.HashMap.getNode(ILjava/lang/Object;)Ljava/util/HashMap$Node; @ 53
Event: 49.285 Thread 0x000000001a032000 Uncommon trap: reason=unstable_if action=reinterpret pc=0x0000000003181b4c method=java.net.URLStreamHandler.sameFile(Ljava/net/URL;Ljava/net/URL;)Z @ 63
Event: 49.290 Thread 0x000000001a032000 Uncommon trap: reason=unstable_if action=reinterpret pc=0x00000000030f8d08 method=java.net.URLStreamHandler.sameFile(Ljava/net/URL;Ljava/net/URL;)Z @ 63
Event: 49.463 Thread 0x000000001a032000 Uncommon trap: reason=unstable_if action=reinterpret pc=0x0000000003816430 method=java.lang.ClassLoader.checkCerts(Ljava/lang/String;Ljava/security/CodeSource;)V @ 29
Event: 49.495 Thread 0x000000001a032000 Uncommon trap: reason=class_check action=maybe_recompile pc=0x000000000386a808 method=java.io.FilterInputStream.read([BII)I @ 7
Event: 49.544 Thread 0x000000001a032000 Uncommon trap: reason=unstable_if action=reinterpret pc=0x00000000037b1fb8 method=org.gradle.internal.reflect.PropertyAccessorType.isGetGetterName(Ljava/lang/String;)Z @ 14

Classes redefined (0 events):
No events

Internal exceptions (10 events):
Event: 49.458 Thread 0x000000001a032000 Exception <a 'java/lang/ClassNotFoundException': org/codehaus/groovy/reflection/CachedFieldCustomizer> (0x00000000eae4ef58) thrown at [C:\src\AOSP-openjdk-git\hotspot\src\share\vm\classfile\systemDictionary.cpp, line 210]
Event: 49.463 Thread 0x000000001a032000 Implicit null exception at 0x0000000003815b27 to 0x0000000003816415
Event: 49.471 Thread 0x000000001a032000 Exception <a 'java/lang/ClassNotFoundException': java/util/ArrayListBeanInfo> (0x00000000eaf787a8) thrown at [C:\src\AOSP-openjdk-git\hotspot\src\share\vm\classfile\systemDictionary.cpp, line 210]
Event: 49.472 Thread 0x000000001a032000 Exception <a 'java/lang/ClassNotFoundException': java/util/AbstractListBeanInfo> (0x00000000eaf829c0) thrown at [C:\src\AOSP-openjdk-git\hotspot\src\share\vm\classfile\systemDictionary.cpp, line 210]
Event: 49.472 Thread 0x000000001a032000 Exception <a 'java/lang/ClassNotFoundException': java/util/AbstractCollectionBeanInfo> (0x00000000eaf8db58) thrown at [C:\src\AOSP-openjdk-git\hotspot\src\share\vm\classfile\systemDictionary.cpp, line 210]
Event: 49.472 Thread 0x000000001a032000 Exception <a 'java/lang/ClassNotFoundException': java/util/AbstractCollectionCustomizer> (0x00000000eaf99000) thrown at [C:\src\AOSP-openjdk-git\hotspot\src\share\vm\classfile\systemDictionary.cpp, line 210]
Event: 49.473 Thread 0x000000001a032000 Exception <a 'java/lang/ClassNotFoundException': java/util/AbstractListCustomizer> (0x00000000eafae0e0) thrown at [C:\src\AOSP-openjdk-git\hotspot\src\share\vm\classfile\systemDictionary.cpp, line 210]
Event: 49.475 Thread 0x000000001a032000 Exception <a 'java/lang/ClassNotFoundException': java/util/ArrayListCustomizer> (0x00000000eafc5668) thrown at [C:\src\AOSP-openjdk-git\hotspot\src\share\vm\classfile\systemDictionary.cpp, line 210]
Event: 49.483 Thread 0x000000001a032000 Exception <a 'java/lang/ClassNotFoundException': java/util/CollectionBeanInfo> (0x00000000eb04a5c8) thrown at [C:\src\AOSP-openjdk-git\hotspot\src\share\vm\classfile\systemDictionary.cpp, line 210]
Event: 49.483 Thread 0x000000001a032000 Exception <a 'java/lang/ClassNotFoundException': java/util/CollectionCustomizer> (0x00000000eb054770) thrown at [C:\src\AOSP-openjdk-git\hotspot\src\share\vm\classfile\systemDictionary.cpp, line 210]

Events (10 events):
Event: 49.703 loading class org/gradle/buildinit/tasks/InitBuild
Event: 49.703 loading class org/gradle/buildinit/tasks/InitBuild done
Event: 49.703 loading class org/gradle/api/Project
Event: 49.703 loading class org/gradle/api/Project done
Event: 49.705 loading class org/gradle/buildinit/plugins/WrapperPlugin
Event: 49.705 loading class org/gradle/buildinit/plugins/WrapperPlugin done
Event: 49.706 loading class org/gradle/api/tasks/wrapper/Wrapper
Event: 49.706 loading class org/gradle/api/tasks/wrapper/Wrapper done
Event: 49.708 loading class org/gradle/buildinit/plugins/WrapperPlugin$1
Event: 49.708 loading class org/gradle/buildinit/plugins/WrapperPlugin$1 done


Dynamic libraries:
0x00007ff7f9200000 - 0x00007ff7f9231000 	C:\Program Files\Android\Android Studio\jre\bin\java.exe
0x00007ffd12ca0000 - 0x00007ffd12e90000 	C:\WINDOWS\SYSTEM32\ntdll.dll
0x00007ffd10d50000 - 0x00007ffd10e02000 	C:\WINDOWS\System32\KERNEL32.DLL
0x00007ffd10650000 - 0x00007ffd108f4000 	C:\WINDOWS\System32\KERNELBASE.dll
0x00007ffd11be0000 - 0x00007ffd11c83000 	C:\WINDOWS\System32\ADVAPI32.dll
0x00007ffd12000000 - 0x00007ffd1209e000 	C:\WINDOWS\System32\msvcrt.dll
0x00007ffd120a0000 - 0x00007ffd12137000 	C:\WINDOWS\System32\sechost.dll
0x00007ffd12140000 - 0x00007ffd12260000 	C:\WINDOWS\System32\RPCRT4.dll
0x00007ffd12480000 - 0x00007ffd12614000 	C:\WINDOWS\System32\USER32.dll
0x00007ffd0fdd0000 - 0x00007ffd0fdf1000 	C:\WINDOWS\System32\win32u.dll
0x00007ffd11fd0000 - 0x00007ffd11ff6000 	C:\WINDOWS\System32\GDI32.dll
0x00007ffd0fc30000 - 0x00007ffd0fdc5000 	C:\WINDOWS\System32\gdi32full.dll
0x00007ffd10b30000 - 0x00007ffd10bce000 	C:\WINDOWS\System32\msvcp_win.dll
0x00007ffd10900000 - 0x00007ffd109fa000 	C:\WINDOWS\System32\ucrtbase.dll
0x00007ffcfcba0000 - 0x00007ffcfce24000 	C:\WINDOWS\WinSxS\amd64_microsoft.windows.common-controls_6595b64144ccf1df_6.0.18362.900_none_e6beb9d913147d17\COMCTL32.dll
0x00007ffd11870000 - 0x00007ffd11ba5000 	C:\WINDOWS\System32\combase.dll
0x00007ffd105d0000 - 0x00007ffd10650000 	C:\WINDOWS\System32\bcryptPrimitives.dll
0x00007ffd10ec0000 - 0x00007ffd10eee000 	C:\WINDOWS\System32\IMM32.DLL
0x00000000623e0000 - 0x00000000624b2000 	C:\Program Files\Android\Android Studio\jre\jre\bin\msvcr100.dll
0x0000000062e10000 - 0x000000006365b000 	C:\Program Files\Android\Android Studio\jre\jre\bin\server\jvm.dll
0x00007ffd11bd0000 - 0x00007ffd11bd8000 	C:\WINDOWS\System32\PSAPI.DLL
0x00007ffceb630000 - 0x00007ffceb639000 	C:\WINDOWS\SYSTEM32\WSOCK32.dll
0x00007ffd0d730000 - 0x00007ffd0d754000 	C:\WINDOWS\SYSTEM32\WINMM.dll
0x00007ffd12260000 - 0x00007ffd122cf000 	C:\WINDOWS\System32\WS2_32.dll
0x00007ffd05f10000 - 0x00007ffd05f1a000 	C:\WINDOWS\SYSTEM32\VERSION.dll
0x00007ffd0d700000 - 0x00007ffd0d72d000 	C:\WINDOWS\SYSTEM32\winmmbase.dll
0x00007ffd0fe00000 - 0x00007ffd0fe4a000 	C:\WINDOWS\System32\cfgmgr32.dll
0x00007ffd04460000 - 0x00007ffd0446f000 	C:\Program Files\Android\Android Studio\jre\jre\bin\verify.dll
0x00007ffd03010000 - 0x00007ffd03039000 	C:\Program Files\Android\Android Studio\jre\jre\bin\java.dll
0x00007ffd02fc0000 - 0x00007ffd02fd6000 	C:\Program Files\Android\Android Studio\jre\jre\bin\zip.dll
0x00007ffd10f60000 - 0x00007ffd11646000 	C:\WINDOWS\System32\SHELL32.dll
0x00007ffd10e10000 - 0x00007ffd10eb9000 	C:\WINDOWS\System32\shcore.dll
0x00007ffd0fe50000 - 0x00007ffd105d0000 	C:\WINDOWS\System32\windows.storage.dll
0x00007ffd0fc00000 - 0x00007ffd0fc23000 	C:\WINDOWS\System32\profapi.dll
0x00007ffd0fb70000 - 0x00007ffd0fbba000 	C:\WINDOWS\System32\powrprof.dll
0x00007ffd0fb60000 - 0x00007ffd0fb70000 	C:\WINDOWS\System32\UMPDC.dll
0x00007ffd12a90000 - 0x00007ffd12ae2000 	C:\WINDOWS\System32\shlwapi.dll
0x00007ffd0fbc0000 - 0x00007ffd0fbd1000 	C:\WINDOWS\System32\kernel.appcore.dll
0x00007ffd10b10000 - 0x00007ffd10b27000 	C:\WINDOWS\System32\cryptsp.dll
0x00007ffd02f90000 - 0x00007ffd02faa000 	C:\Program Files\Android\Android Studio\jre\jre\bin\net.dll
0x00007ffd0f370000 - 0x00007ffd0f3d7000 	C:\WINDOWS\system32\mswsock.dll
0x00007ffd02cb0000 - 0x00007ffd02cc3000 	C:\Program Files\Android\Android Studio\jre\jre\bin\nio.dll
0x00007ffcfcb70000 - 0x00007ffcfcb97000 	C:\Users\JEAN-KRLO\.gradle\native\f6784746aeab05261644944871eae4fe03e0ef1612fff0a4a95f87b438bc6780\windows-amd64\native-platform.dll
0x00007ffd04450000 - 0x00007ffd0445d000 	C:\Program Files\Android\Android Studio\jre\jre\bin\management.dll
0x00007ffd0eee0000 - 0x00007ffd0ef13000 	C:\WINDOWS\system32\rsaenh.dll
0x00007ffd10d20000 - 0x00007ffd10d46000 	C:\WINDOWS\System32\bcrypt.dll
0x00007ffd0fa80000 - 0x00007ffd0faa5000 	C:\WINDOWS\SYSTEM32\USERENV.dll
0x00007ffd0f540000 - 0x00007ffd0f54c000 	C:\WINDOWS\SYSTEM32\CRYPTBASE.dll
0x00007ffd0f080000 - 0x00007ffd0f0ba000 	C:\WINDOWS\SYSTEM32\IPHLPAPI.DLL
0x00007ffd12af0000 - 0x00007ffd12af8000 	C:\WINDOWS\System32\NSI.dll
0x00007ffd039d0000 - 0x00007ffd039e6000 	C:\WINDOWS\SYSTEM32\dhcpcsvc6.DLL
0x00007ffd03e80000 - 0x00007ffd03e9c000 	C:\WINDOWS\SYSTEM32\dhcpcsvc.DLL
0x00007ffd0f110000 - 0x00007ffd0f1db000 	C:\WINDOWS\SYSTEM32\DNSAPI.dll
0x00007ffd04a90000 - 0x00007ffd04a9b000 	C:\WINDOWS\SYSTEM32\WINNSI.DLL

VM Arguments:
jvm_args: -Xmx1536m -Dfile.encoding=windows-1252 -Duser.country=ES -Duser.language=es -Duser.variant 
java_command: org.gradle.launcher.daemon.bootstrap.GradleDaemon 6.5
java_class_path (initial): C:\Users\JEAN-KRLO\.gradle\wrapper\dists\gradle-6.5-all\2oz4ud9k3tuxjg84bbf55q0tn\gradle-6.5\lib\gradle-launcher-6.5.jar
Launcher Type: SUN_STANDARD

Environment Variables:
JAVA_HOME=C:\Program Files\Java\jdk1.8.0_251
PATH=C:\Program Files\Microsoft MPI\Bin\;C:\Program Files (x86)\Common Files\Oracle\Java\javapath;C:\WINDOWS\system32;C:\WINDOWS;C:\WINDOWS\System32\Wbem;C:\WINDOWS\System32\WindowsPowerShell\v1.0\;C:\WINDOWS\System32\OpenSSH\;C:\Program Files\Microsoft SQL Server\Client SDK\ODBC\130\Tools\Binn\;C:\Program Files (x86)\Microsoft SQL Server\140\Tools\Binn\;C:\Program Files\Microsoft SQL Server\140\Tools\Binn\;C:\Program Files\Microsoft SQL Server\140\DTS\Binn\;C:\Program Files\Microsoft SQL Server\Client SDK\ODBC\110\Tools\Binn\;C:\Program Files (x86)\Microsoft SQL Server\120\Tools\Binn\;C:\Program Files\Microsoft SQL Server\120\Tools\Binn\;C:\Program Files\Microsoft SQL Server\120\DTS\Binn\;C:\Program Files (x86)\Microsoft SQL Server\120\Tools\Binn\ManagementStudio\;C:\Program Files (x86)\Microsoft SQL Server\120\DTS\Binn\;C:\Program Files (x86)\Windows Live\Shared;C:\Program Files\Git\cmd;C:\Users\JEAN-KRLO\AppData\Local\Android\Sdk\tools;C:\Program Files\Java\jdk1.8.0_251\bin;C:\Users\JEAN-KRLO\AppData\Local\Android\Sdk\platform-tools;C:\Users\JEAN-KRLO\.gradle;C:\Users\JEAN-KRLO\AndroidStudioProjects;C:\Users\JEAN-KRLO\AppData\Local\Android\SDK;J:\Microsoft VS Code\bin;C:\Users\JEAN-KRLO\AppData\Local\GitHubDesktop\bin
USERNAME=SANTILLANA
OS=Windows_NT
PROCESSOR_IDENTIFIER=Intel64 Family 6 Model 58 Stepping 9, GenuineIntel



---------------  S Y S T E M  ---------------

OS: Windows 10.0 , 64 bit Build 18362 (10.0.18362.900)

CPU:total 4 (initial active 4) (2 cores per cpu, 2 threads per core) family 6 model 58 stepping 9, cmov, cx8, fxsr, mmx, sse, sse2, sse3, ssse3, sse4.1, sse4.2, popcnt, avx, aes, clmul, erms, ht, tsc, tscinvbit, tscinv

Memory: 4k page, physical 8283924k(833868k free), swap 12189460k(5148k free)

vm_info: OpenJDK 64-Bit Server VM (25.242-b01) for windows-amd64 JRE (1.8.0_242-release-1644-b01), built by "builder" with MS VC++ 10.0 (VS2010)

time: Wed Jun 17 20:40:32 2020
timezone: Hora est. Pacífico, Sudamérica
elapsed time: 49 seconds (0d 0h 0m 49s)

